{"numFailedTestSuites":26,"numFailedTests":52,"numPassedTestSuites":143,"numPassedTests":1218,"numPendingTestSuites":0,"numPendingTests":0,"numRuntimeErrorTestSuites":0,"numTodoTests":0,"numTotalTestSuites":169,"numTotalTests":1270,"openHandles":[],"snapshot":{"added":0,"didUpdate":false,"failure":false,"filesAdded":0,"filesRemoved":0,"filesRemovedList":[],"filesUnmatched":0,"filesUpdated":0,"matched":0,"total":0,"unchecked":0,"uncheckedKeysByFile":[],"unmatched":0,"updated":0},"startTime":1775303873423,"success":false,"testResults":[{"assertionResults":[{"ancestorTitles":["Recommendation engine API"],"duration":63,"failureDetails":[],"failureMessages":[],"fullName":"Recommendation engine API blocks missing companyId","invocations":1,"location":null,"numPassingAsserts":1,"retryReasons":[],"status":"passed","title":"blocks missing companyId"},{"ancestorTitles":["Recommendation engine service"],"duration":3298,"failureDetails":[{"matcherResult":{"actual":5,"expected":1,"message":"expect(received).toBe(expected) // Object.is equality\n\nExpected: 1\nReceived: 5","name":"toBe","pass":false}}],"failureMessages":["Error: expect(received).toBe(expected) // Object.is equality\n\nExpected: 1\nReceived: 5\n    at Object.<anonymous> (C:\\virality\\backend\\tests\\integration\\recommendation_engine.test.ts:160:39)\n    at processTicksAndRejections (node:internal/process/task_queues:105:5)"],"fullName":"Recommendation engine service handles OmniVyra enabled path","invocations":1,"location":null,"numPassingAsserts":0,"retryReasons":[],"status":"failed","title":"handles OmniVyra enabled path"},{"ancestorTitles":["Recommendation engine service"],"duration":240,"failureDetails":[{"matcherResult":{"actual":5,"expected":1,"message":"expect(received).toBe(expected) // Object.is equality\n\nExpected: 1\nReceived: 5","name":"toBe","pass":false}}],"failureMessages":["Error: expect(received).toBe(expected) // Object.is equality\n\nExpected: 1\nReceived: 5\n    at Object.<anonymous> (C:\\virality\\backend\\tests\\integration\\recommendation_engine.test.ts:170:39)\n    at processTicksAndRejections (node:internal/process/task_queues:105:5)"],"fullName":"Recommendation engine service uses fallback when OmniVyra disabled","invocations":1,"location":null,"numPassingAsserts":0,"retryReasons":[],"status":"failed","title":"uses fallback when OmniVyra disabled"},{"ancestorTitles":["Recommendation engine service"],"duration":238,"failureDetails":[],"failureMessages":[],"fullName":"Recommendation engine service retries on memory overlap","invocations":1,"location":null,"numPassingAsserts":1,"retryReasons":[],"status":"passed","title":"retries on memory overlap"},{"ancestorTitles":["Recommendation engine service"],"duration":199,"failureDetails":[{"matcherResult":{"actual":5,"expected":1,"message":"expect(received).toBe(expected) // Object.is equality\n\nExpected: 1\nReceived: 5","name":"toBe","pass":false}}],"failureMessages":["Error: expect(received).toBe(expected) // Object.is equality\n\nExpected: 1\nReceived: 5\n    at Object.<anonymous> (C:\\virality\\backend\\tests\\integration\\recommendation_engine.test.ts:196:39)\n    at processTicksAndRejections (node:internal/process/task_queues:105:5)"],"fullName":"Recommendation engine service merges duplicate trends","invocations":1,"location":null,"numPassingAsserts":0,"retryReasons":[],"status":"failed","title":"merges duplicate trends"},{"ancestorTitles":["Recommendation engine service"],"duration":430,"failureDetails":[],"failureMessages":[],"fullName":"Recommendation engine service populates confidence","invocations":1,"location":null,"numPassingAsserts":1,"retryReasons":[],"status":"passed","title":"populates confidence"},{"ancestorTitles":["Recommendation engine service"],"duration":254,"failureDetails":[],"failureMessages":[],"fullName":"Recommendation engine service exposes card blueprint readiness contract fields","invocations":1,"location":null,"numPassingAsserts":16,"retryReasons":[],"status":"passed","title":"exposes card blueprint readiness contract fields"},{"ancestorTitles":["Recommendation engine service","Content Intelligence alignment"],"duration":253,"failureDetails":[],"failureMessages":[],"fullName":"Recommendation engine service Content Intelligence alignment excludes trends with zero core_problem overlap (core problem filter)","invocations":1,"location":null,"numPassingAsserts":2,"retryReasons":[],"status":"passed","title":"excludes trends with zero core_problem overlap (core problem filter)"},{"ancestorTitles":["Recommendation engine service","Content Intelligence alignment"],"duration":405,"failureDetails":[],"failureMessages":[],"fullName":"Recommendation engine service Content Intelligence alignment excludes trends containing disqualified keywords","invocations":1,"location":null,"numPassingAsserts":1,"retryReasons":[],"status":"passed","title":"excludes trends containing disqualified keywords"},{"ancestorTitles":["Recommendation engine service","Content Intelligence alignment"],"duration":227,"failureDetails":[],"failureMessages":[],"fullName":"Recommendation engine service Content Intelligence alignment highly aligned trend outranks generic popular trend (scoring)","invocations":1,"location":null,"numPassingAsserts":1,"retryReasons":[],"status":"passed","title":"highly aligned trend outranks generic popular trend (scoring)"},{"ancestorTitles":["Recommendation engine service","Content Intelligence alignment"],"duration":454,"failureDetails":[],"failureMessages":[],"fullName":"Recommendation engine service Content Intelligence alignment low-alignment trend ranks lower even with higher popularity","invocations":1,"location":null,"numPassingAsserts":1,"retryReasons":[],"status":"passed","title":"low-alignment trend ranks lower even with higher popularity"},{"ancestorTitles":["Recommendation engine service","Content Intelligence alignment"],"duration":229,"failureDetails":[],"failureMessages":[],"fullName":"Recommendation engine service Content Intelligence alignment core problem overlap increases ranking","invocations":1,"location":null,"numPassingAsserts":1,"retryReasons":[],"status":"passed","title":"core problem overlap increases ranking"},{"ancestorTitles":["Recommendation engine service","Content Intelligence alignment"],"duration":240,"failureDetails":[],"failureMessages":[],"fullName":"Recommendation engine service Content Intelligence alignment campaign_focus match outranks industry match (weighted scoring)","invocations":1,"location":null,"numPassingAsserts":1,"retryReasons":[],"status":"passed","title":"campaign_focus match outranks industry match (weighted scoring)"},{"ancestorTitles":["Recommendation engine service","Content Intelligence alignment"],"duration":256,"failureDetails":[],"failureMessages":[],"fullName":"Recommendation engine service Content Intelligence alignment content_themes match outranks goals match (weighted scoring)","invocations":1,"location":null,"numPassingAsserts":1,"retryReasons":[],"status":"passed","title":"content_themes match outranks goals match (weighted scoring)"},{"ancestorTitles":["Recommendation engine service","Content Intelligence alignment"],"duration":201,"failureDetails":[],"failureMessages":[],"fullName":"Recommendation engine service Content Intelligence alignment falls back to popularity when profile has only blacklisted tokens (token hygiene)","invocations":1,"location":null,"numPassingAsserts":1,"retryReasons":[],"status":"passed","title":"falls back to popularity when profile has only blacklisted tokens (token hygiene)"},{"ancestorTitles":["Recommendation engine service","Content Intelligence alignment"],"duration":226,"failureDetails":[{"matcherResult":{"actual":"Empowering Businesses Through Sustainable Innovation Solutions","expected":"topic B","message":"expect(received).toBe(expected) // Object.is equality\n\nExpected: \"topic B\"\nReceived: \"Empowering Businesses Through Sustainable Innovation Solutions\"","name":"toBe","pass":false}}],"failureMessages":["Error: expect(received).toBe(expected) // Object.is equality\n\nExpected: \"topic B\"\nReceived: \"Empowering Businesses Through Sustainable Innovation Solutions\"\n    at Object.<anonymous> (C:\\virality\\backend\\tests\\integration\\recommendation_engine.test.ts:432:26)\n    at processTicksAndRejections (node:internal/process/task_queues:105:5)"],"fullName":"Recommendation engine service Content Intelligence alignment falls back to popularity when profile has no alignment tokens","invocations":1,"location":null,"numPassingAsserts":0,"retryReasons":[],"status":"failed","title":"falls back to popularity when profile has no alignment tokens"},{"ancestorTitles":["Recommendation engine service","Content Intelligence alignment"],"duration":167,"failureDetails":[],"failureMessages":[],"fullName":"Recommendation engine service Content Intelligence alignment uses profile.geography_list when input.regions is empty (multi-region)","invocations":1,"location":null,"numPassingAsserts":3,"retryReasons":[],"status":"passed","title":"uses profile.geography_list when input.regions is empty (multi-region)"},{"ancestorTitles":["Recommendation engine service","alignment_regression_guard"],"duration":216,"failureDetails":[],"failureMessages":[],"fullName":"Recommendation engine service alignment_regression_guard 1. alignment > popularity: highly aligned low-volume outranks weakly aligned high-volume","invocations":1,"location":null,"numPassingAsserts":1,"retryReasons":[],"status":"passed","title":"1. alignment > popularity: highly aligned low-volume outranks weakly aligned high-volume"},{"ancestorTitles":["Recommendation engine service","alignment_regression_guard"],"duration":376,"failureDetails":[],"failureMessages":[],"fullName":"Recommendation engine service alignment_regression_guard 2. disqualified always excluded: high alignment + popularity still filtered out","invocations":1,"location":null,"numPassingAsserts":2,"retryReasons":[],"status":"passed","title":"2. disqualified always excluded: high alignment + popularity still filtered out"},{"ancestorTitles":["Recommendation engine service","alignment_regression_guard"],"duration":207,"failureDetails":[],"failureMessages":[],"fullName":"Recommendation engine service alignment_regression_guard 3. core problem filter always active: unrelated trends never enter scoring","invocations":1,"location":null,"numPassingAsserts":3,"retryReasons":[],"status":"passed","title":"3. core problem filter always active: unrelated trends never enter scoring"},{"ancestorTitles":["Recommendation engine service","alignment_regression_guard"],"duration":232,"failureDetails":[],"failureMessages":[],"fullName":"Recommendation engine service alignment_regression_guard 4. weighted alignment preserved: campaign_focus dominates lower-weight fields","invocations":1,"location":null,"numPassingAsserts":1,"retryReasons":[],"status":"passed","title":"4. weighted alignment preserved: campaign_focus dominates lower-weight fields"},{"ancestorTitles":["Recommendation engine service","alignment_regression_guard"],"duration":210,"failureDetails":[{"matcherResult":{"actual":"Empowering Businesses Through Sustainable Innovation Solutions","expected":"high popularity trend","message":"expect(received).toBe(expected) // Object.is equality\n\nExpected: \"high popularity trend\"\nReceived: \"Empowering Businesses Through Sustainable Innovation Solutions\"","name":"toBe","pass":false}}],"failureMessages":["Error: expect(received).toBe(expected) // Object.is equality\n\nExpected: \"high popularity trend\"\nReceived: \"Empowering Businesses Through Sustainable Innovation Solutions\"\n    at Object.<anonymous> (C:\\virality\\backend\\tests\\integration\\recommendation_engine.test.ts:576:44)\n    at processTicksAndRejections (node:internal/process/task_queues:105:5)"],"fullName":"Recommendation engine service alignment_regression_guard 5. fallback compatibility: no alignment tokens → popularity sorting works","invocations":1,"location":null,"numPassingAsserts":0,"retryReasons":[],"status":"failed","title":"5. fallback compatibility: no alignment tokens → popularity sorting works"},{"ancestorTitles":["Recommendation engine service","alignment_contract_guard"],"duration":428,"failureDetails":[],"failureMessages":[],"fullName":"Recommendation engine service alignment_contract_guard validates full alignment contract in one scenario","invocations":1,"location":null,"numPassingAsserts":5,"retryReasons":[],"status":"passed","title":"validates full alignment contract in one scenario"}],"endTime":1775303889717,"message":"  ● Recommendation engine service › handles OmniVyra enabled path\n\n    expect(received).toBe(expected) // Object.is equality\n\n    Expected: 1\n    Received: 5\n\n    \u001b[0m \u001b[90m 158 |\u001b[39m     })\u001b[33m;\u001b[39m\n     \u001b[90m 159 |\u001b[39m\n    \u001b[31m\u001b[1m>\u001b[22m\u001b[39m\u001b[90m 160 |\u001b[39m     expect(result\u001b[33m.\u001b[39mtrends_used\u001b[33m.\u001b[39mlength)\u001b[33m.\u001b[39mtoBe(\u001b[35m1\u001b[39m)\u001b[33m;\u001b[39m\n     \u001b[90m     |\u001b[39m                                       \u001b[31m\u001b[1m^\u001b[22m\u001b[39m\n     \u001b[90m 161 |\u001b[39m     expect(result\u001b[33m.\u001b[39mconfidence_score)\u001b[33m.\u001b[39mtoBeGreaterThan(\u001b[35m0\u001b[39m)\u001b[33m;\u001b[39m\n     \u001b[90m 162 |\u001b[39m   })\u001b[33m;\u001b[39m\n     \u001b[90m 163 |\u001b[39m\u001b[0m\n\n      at Object.<anonymous> (backend/tests/integration/recommendation_engine.test.ts:160:39)\n\n  ● Recommendation engine service › uses fallback when OmniVyra disabled\n\n    expect(received).toBe(expected) // Object.is equality\n\n    Expected: 1\n    Received: 5\n\n    \u001b[0m \u001b[90m 168 |\u001b[39m       campaignId\u001b[33m:\u001b[39m \u001b[32m'camp-1'\u001b[39m\u001b[33m,\u001b[39m\n     \u001b[90m 169 |\u001b[39m     })\u001b[33m;\u001b[39m\n    \u001b[31m\u001b[1m>\u001b[22m\u001b[39m\u001b[90m 170 |\u001b[39m     expect(result\u001b[33m.\u001b[39mtrends_used\u001b[33m.\u001b[39mlength)\u001b[33m.\u001b[39mtoBe(\u001b[35m1\u001b[39m)\u001b[33m;\u001b[39m\n     \u001b[90m     |\u001b[39m                                       \u001b[31m\u001b[1m^\u001b[22m\u001b[39m\n     \u001b[90m 171 |\u001b[39m   })\u001b[33m;\u001b[39m\n     \u001b[90m 172 |\u001b[39m\n     \u001b[90m 173 |\u001b[39m   it(\u001b[32m'retries on memory overlap'\u001b[39m\u001b[33m,\u001b[39m \u001b[36masync\u001b[39m () \u001b[33m=>\u001b[39m {\u001b[0m\n\n      at Object.<anonymous> (backend/tests/integration/recommendation_engine.test.ts:170:39)\n\n  ● Recommendation engine service › merges duplicate trends\n\n    expect(received).toBe(expected) // Object.is equality\n\n    Expected: 1\n    Received: 5\n\n    \u001b[0m \u001b[90m 194 |\u001b[39m       campaignId\u001b[33m:\u001b[39m \u001b[32m'camp-1'\u001b[39m\u001b[33m,\u001b[39m\n     \u001b[90m 195 |\u001b[39m     })\u001b[33m;\u001b[39m\n    \u001b[31m\u001b[1m>\u001b[22m\u001b[39m\u001b[90m 196 |\u001b[39m     expect(result\u001b[33m.\u001b[39mtrends_used\u001b[33m.\u001b[39mlength)\u001b[33m.\u001b[39mtoBe(\u001b[35m1\u001b[39m)\u001b[33m;\u001b[39m\n     \u001b[90m     |\u001b[39m                                       \u001b[31m\u001b[1m^\u001b[22m\u001b[39m\n     \u001b[90m 197 |\u001b[39m     expect(result\u001b[33m.\u001b[39msources\u001b[33m.\u001b[39mlength)\u001b[33m.\u001b[39mtoBeGreaterThan(\u001b[35m0\u001b[39m)\u001b[33m;\u001b[39m\n     \u001b[90m 198 |\u001b[39m   })\u001b[33m;\u001b[39m\n     \u001b[90m 199 |\u001b[39m\u001b[0m\n\n      at Object.<anonymous> (backend/tests/integration/recommendation_engine.test.ts:196:39)\n\n  ● Recommendation engine service › Content Intelligence alignment › falls back to popularity when profile has no alignment tokens\n\n    expect(received).toBe(expected) // Object.is equality\n\n    Expected: \"topic B\"\n    Received: \"Empowering Businesses Through Sustainable Innovation Solutions\"\n\n    \u001b[0m \u001b[90m 430 |\u001b[39m       })\u001b[33m;\u001b[39m\n     \u001b[90m 431 |\u001b[39m       \u001b[36mconst\u001b[39m firstTopic \u001b[33m=\u001b[39m result\u001b[33m.\u001b[39mtrends_used[\u001b[35m0\u001b[39m]\u001b[33m?\u001b[39m\u001b[33m.\u001b[39mtopic \u001b[33m?\u001b[39m\u001b[33m?\u001b[39m \u001b[32m''\u001b[39m\u001b[33m;\u001b[39m\n    \u001b[31m\u001b[1m>\u001b[22m\u001b[39m\u001b[90m 432 |\u001b[39m       expect(firstTopic)\u001b[33m.\u001b[39mtoBe(\u001b[32m'topic B'\u001b[39m)\u001b[33m;\u001b[39m\n     \u001b[90m     |\u001b[39m                          \u001b[31m\u001b[1m^\u001b[22m\u001b[39m\n     \u001b[90m 433 |\u001b[39m     })\u001b[33m;\u001b[39m\n     \u001b[90m 434 |\u001b[39m\n     \u001b[90m 435 |\u001b[39m     it(\u001b[32m'uses profile.geography_list when input.regions is empty (multi-region)'\u001b[39m\u001b[33m,\u001b[39m \u001b[36masync\u001b[39m () \u001b[33m=>\u001b[39m {\u001b[0m\n\n      at Object.<anonymous> (backend/tests/integration/recommendation_engine.test.ts:432:26)\n\n  ● Recommendation engine service › alignment_regression_guard › 5. fallback compatibility: no alignment tokens → popularity sorting works\n\n    expect(received).toBe(expected) // Object.is equality\n\n    Expected: \"high popularity trend\"\n    Received: \"Empowering Businesses Through Sustainable Innovation Solutions\"\n\n    \u001b[0m \u001b[90m 574 |\u001b[39m         campaignId\u001b[33m:\u001b[39m \u001b[32m'camp-1'\u001b[39m\u001b[33m,\u001b[39m\n     \u001b[90m 575 |\u001b[39m       })\u001b[33m;\u001b[39m\n    \u001b[31m\u001b[1m>\u001b[22m\u001b[39m\u001b[90m 576 |\u001b[39m       expect(result\u001b[33m.\u001b[39mtrends_used[\u001b[35m0\u001b[39m]\u001b[33m?\u001b[39m\u001b[33m.\u001b[39mtopic)\u001b[33m.\u001b[39mtoBe(\u001b[32m'high popularity trend'\u001b[39m)\u001b[33m;\u001b[39m\n     \u001b[90m     |\u001b[39m                                            \u001b[31m\u001b[1m^\u001b[22m\u001b[39m\n     \u001b[90m 577 |\u001b[39m     })\u001b[33m;\u001b[39m\n     \u001b[90m 578 |\u001b[39m   })\u001b[33m;\u001b[39m\n     \u001b[90m 579 |\u001b[39m\u001b[0m\n\n      at Object.<anonymous> (backend/tests/integration/recommendation_engine.test.ts:576:44)\n","name":"C:\\virality\\backend\\tests\\integration\\recommendation_engine.test.ts","startTime":1775303874535,"status":"failed","summary":""},{"assertionResults":[{"ancestorTitles":["Campaign AI Plan Persist"],"duration":73,"failureDetails":[{"matcherResult":{"message":"expect(jest.fn()).toHaveBeenCalledWith(...expected)\n\nExpected: {\"campaignId\": \"camp123\", \"mode\": \"generate_plan\", \"omnivyre_decision\": ObjectContaining {\"recommendation\": \"HOLD\"}, \"response\": \"Test campaign plan output\", \"snapshot_hash\": \"hash123\"}\n\nNumber of calls: 0","pass":false}}],"failureMessages":["Error: expect(jest.fn()).toHaveBeenCalledWith(...expected)\n\nExpected: {\"campaignId\": \"camp123\", \"mode\": \"generate_plan\", \"omnivyre_decision\": ObjectContaining {\"recommendation\": \"HOLD\"}, \"response\": \"Test campaign plan output\", \"snapshot_hash\": \"hash123\"}\n\nNumber of calls: 0\n    at Object.<anonymous> (C:\\virality\\backend\\tests\\integration\\campaign_ai_plan_persist.test.ts:180:32)\n    at processTicksAndRejections (node:internal/process/task_queues:105:5)"],"fullName":"Campaign AI Plan Persist persists raw plan output","invocations":1,"location":null,"numPassingAsserts":0,"retryReasons":[],"status":"failed","title":"persists raw plan output"}],"endTime":1775303893690,"message":"  ● Campaign AI Plan Persist › persists raw plan output\n\n    expect(jest.fn()).toHaveBeenCalledWith(...expected)\n\n    Expected: {\"campaignId\": \"camp123\", \"mode\": \"generate_plan\", \"omnivyre_decision\": ObjectContaining {\"recommendation\": \"HOLD\"}, \"response\": \"Test campaign plan output\", \"snapshot_hash\": \"hash123\"}\n\n    Number of calls: 0\n\n    \u001b[0m \u001b[90m 178 |\u001b[39m     \u001b[36mawait\u001b[39m handler(req\u001b[33m,\u001b[39m res)\u001b[33m;\u001b[39m\n     \u001b[90m 179 |\u001b[39m\n    \u001b[31m\u001b[1m>\u001b[22m\u001b[39m\u001b[90m 180 |\u001b[39m     expect(saveAiCampaignPlan)\u001b[33m.\u001b[39mtoHaveBeenCalledWith({\n     \u001b[90m     |\u001b[39m                                \u001b[31m\u001b[1m^\u001b[22m\u001b[39m\n     \u001b[90m 181 |\u001b[39m       campaignId\u001b[33m:\u001b[39m \u001b[32m'camp123'\u001b[39m\u001b[33m,\u001b[39m\n     \u001b[90m 182 |\u001b[39m       snapshot_hash\u001b[33m:\u001b[39m \u001b[32m'hash123'\u001b[39m\u001b[33m,\u001b[39m\n     \u001b[90m 183 |\u001b[39m       mode\u001b[33m:\u001b[39m \u001b[32m'generate_plan'\u001b[39m\u001b[33m,\u001b[39m\u001b[0m\n\n      at Object.<anonymous> (backend/tests/integration/campaign_ai_plan_persist.test.ts:180:32)\n","name":"C:\\virality\\backend\\tests\\integration\\campaign_ai_plan_persist.test.ts","startTime":1775303889830,"status":"failed","summary":""},{"assertionResults":[{"ancestorTitles":["Unified Content Generation System","Unit Tests"],"duration":4,"failureDetails":[],"failureMessages":[],"fullName":"Unified Content Generation System Unit Tests should validate content quality for blog","invocations":1,"location":null,"numPassingAsserts":3,"retryReasons":[],"status":"passed","title":"should validate content quality for blog"},{"ancestorTitles":["Unified Content Generation System","Unit Tests"],"duration":2,"failureDetails":[],"failureMessages":[],"fullName":"Unified Content Generation System Unit Tests should score content quality","invocations":1,"location":null,"numPassingAsserts":5,"retryReasons":[],"status":"passed","title":"should score content quality"},{"ancestorTitles":["Unified Content Generation System","Unit Tests"],"duration":1,"failureDetails":[],"failureMessages":[],"fullName":"Unified Content Generation System Unit Tests should generate deterministic engagement response for question","invocations":1,"location":null,"numPassingAsserts":3,"retryReasons":[],"status":"passed","title":"should generate deterministic engagement response for question"},{"ancestorTitles":["Unified Content Generation System","Unit Tests"],"duration":0,"failureDetails":[],"failureMessages":[],"fullName":"Unified Content Generation System Unit Tests should generate deterministic engagement response for positive feedback","invocations":1,"location":null,"numPassingAsserts":2,"retryReasons":[],"status":"passed","title":"should generate deterministic engagement response for positive feedback"},{"ancestorTitles":["Unified Content Generation System","Unit Tests"],"duration":6,"failureDetails":[],"failureMessages":[],"fullName":"Unified Content Generation System Unit Tests should generate deterministic engagement response for complaint","invocations":1,"location":null,"numPassingAsserts":2,"retryReasons":[],"status":"passed","title":"should generate deterministic engagement response for complaint"},{"ancestorTitles":["Unified Content Generation System","Unit Tests"],"duration":1,"failureDetails":[],"failureMessages":[],"fullName":"Unified Content Generation System Unit Tests should detect sentiment correctly","invocations":1,"location":null,"numPassingAsserts":1,"retryReasons":[],"status":"passed","title":"should detect sentiment correctly"},{"ancestorTitles":["Unified Content Generation System","Queue Integration Tests"],"duration":90,"failureDetails":[],"failureMessages":[],"fullName":"Unified Content Generation System Queue Integration Tests should add job to blog queue without error","invocations":1,"location":null,"numPassingAsserts":2,"retryReasons":[],"status":"passed","title":"should add job to blog queue without error"},{"ancestorTitles":["Unified Content Generation System","Queue Integration Tests"],"duration":5,"failureDetails":[],"failureMessages":[],"fullName":"Unified Content Generation System Queue Integration Tests should respect deduplication with same jobId","invocations":1,"location":null,"numPassingAsserts":1,"retryReasons":[],"status":"passed","title":"should respect deduplication with same jobId"},{"ancestorTitles":["Unified Content Generation System","Queue Integration Tests"],"duration":5,"failureDetails":[],"failureMessages":[],"fullName":"Unified Content Generation System Queue Integration Tests should handle bulk content job","invocations":1,"location":null,"numPassingAsserts":2,"retryReasons":[],"status":"passed","title":"should handle bulk content job"},{"ancestorTitles":["Unified Content Generation System","Feedback Loop Integration Tests"],"duration":18,"failureDetails":[],"failureMessages":[],"fullName":"Unified Content Generation System Feedback Loop Integration Tests should record quick tone feedback","invocations":1,"location":null,"numPassingAsserts":1,"retryReasons":[],"status":"passed","title":"should record quick tone feedback"},{"ancestorTitles":["Unified Content Generation System","Feedback Loop Integration Tests"],"duration":15,"failureDetails":[],"failureMessages":[],"fullName":"Unified Content Generation System Feedback Loop Integration Tests should retrieve tone effectiveness","invocations":1,"location":null,"numPassingAsserts":2,"retryReasons":[],"status":"passed","title":"should retrieve tone effectiveness"},{"ancestorTitles":["Unified Content Generation System","Adapter Integration Tests"],"duration":9,"failureDetails":[],"failureMessages":[],"fullName":"Unified Content Generation System Adapter Integration Tests should create blog generation job via adapter","invocations":1,"location":null,"numPassingAsserts":4,"retryReasons":[],"status":"passed","title":"should create blog generation job via adapter"},{"ancestorTitles":["Unified Content Generation System","Adapter Integration Tests"],"duration":1,"failureDetails":[],"failureMessages":[],"fullName":"Unified Content Generation System Adapter Integration Tests should create engagement response via adapter","invocations":1,"location":null,"numPassingAsserts":2,"retryReasons":[],"status":"passed","title":"should create engagement response via adapter"},{"ancestorTitles":["Unified Content Generation System","Adapter Integration Tests"],"duration":8,"failureDetails":[],"failureMessages":[],"fullName":"Unified Content Generation System Adapter Integration Tests should force AI refinement via force_queue flag","invocations":1,"location":null,"numPassingAsserts":1,"retryReasons":[],"status":"passed","title":"should force AI refinement via force_queue flag"},{"ancestorTitles":["Unified Content Generation System","End-to-End Workflow Tests"],"duration":38,"failureDetails":[],"failureMessages":[],"fullName":"Unified Content Generation System End-to-End Workflow Tests should complete blog generation workflow","invocations":1,"location":null,"numPassingAsserts":7,"retryReasons":[],"status":"passed","title":"should complete blog generation workflow"},{"ancestorTitles":["Unified Content Generation System","End-to-End Workflow Tests"],"duration":1,"failureDetails":[],"failureMessages":[],"fullName":"Unified Content Generation System End-to-End Workflow Tests should support multiple engagement types","invocations":1,"location":null,"numPassingAsserts":4,"retryReasons":[],"status":"passed","title":"should support multiple engagement types"},{"ancestorTitles":["Unified Content Generation System","Performance Tests"],"duration":1,"failureDetails":[],"failureMessages":[],"fullName":"Unified Content Generation System Performance Tests should generate deterministic response in under 100ms","invocations":1,"location":null,"numPassingAsserts":2,"retryReasons":[],"status":"passed","title":"should generate deterministic response in under 100ms"},{"ancestorTitles":["Unified Content Generation System","Error Handling Tests"],"duration":19,"failureDetails":[],"failureMessages":[],"fullName":"Unified Content Generation System Error Handling Tests should handle invalid content type gracefully","invocations":1,"location":null,"numPassingAsserts":1,"retryReasons":[],"status":"passed","title":"should handle invalid content type gracefully"},{"ancestorTitles":["Unified Content Generation System","Error Handling Tests"],"duration":1,"failureDetails":[],"failureMessages":[],"fullName":"Unified Content Generation System Error Handling Tests should validate response length","invocations":1,"location":null,"numPassingAsserts":3,"retryReasons":[],"status":"passed","title":"should validate response length"},{"ancestorTitles":["Integration Tests - Full System"],"duration":1,"failureDetails":[{}],"failureMessages":["Error: Connection is closed.\n    at EventEmitter.sendCommand (C:\\virality\\node_modules\\bullmq\\node_modules\\ioredis\\built\\Redis.js:333:28)\n    at EventEmitter.hgetall (C:\\virality\\node_modules\\bullmq\\node_modules\\ioredis\\built\\utils\\Commander.js:90:25)\n    at Function.fromId (C:\\virality\\node_modules\\bullmq\\src\\classes\\job.ts:477:36)\n    at processTicksAndRejections (node:internal/process/task_queues:105:5)\n    at generateBlogContent (C:\\virality\\backend\\adapters\\commandCenter\\blogContentAdapter.ts:40:20)\n    at Object.<anonymous> (C:\\virality\\backend\\tests\\integration\\unified_content_generation.test.ts:425:26)"],"fullName":"Integration Tests - Full System should complete blog generation → queue → polling flow","invocations":1,"location":null,"numPassingAsserts":0,"retryReasons":[],"status":"failed","title":"should complete blog generation → queue → polling flow"},{"ancestorTitles":["Integration Tests - Full System"],"duration":2,"failureDetails":[],"failureMessages":[],"fullName":"Integration Tests - Full System should handle engagement response with fallback","invocations":1,"location":null,"numPassingAsserts":1,"retryReasons":[],"status":"passed","title":"should handle engagement response with fallback"}],"endTime":1775303894801,"message":"  ● Integration Tests - Full System › should complete blog generation → queue → polling flow\n\n    Connection is closed.\n\n    \u001b[0m \u001b[90m 38 |\u001b[39m\n     \u001b[90m 39 |\u001b[39m   \u001b[90m// Check if job already exists\u001b[39m\n    \u001b[31m\u001b[1m>\u001b[22m\u001b[39m\u001b[90m 40 |\u001b[39m   \u001b[36mconst\u001b[39m existing \u001b[33m=\u001b[39m \u001b[36mawait\u001b[39m contentGenerationQueue\u001b[33m.\u001b[39mgetJob(jobId)\u001b[33m;\u001b[39m\n     \u001b[90m    |\u001b[39m                    \u001b[31m\u001b[1m^\u001b[22m\u001b[39m\n     \u001b[90m 41 |\u001b[39m   \u001b[36mif\u001b[39m (existing \u001b[33m&&\u001b[39m \u001b[33m!\u001b[39m[\u001b[32m'completed'\u001b[39m\u001b[33m,\u001b[39m \u001b[32m'failed'\u001b[39m]\u001b[33m.\u001b[39mincludes(\u001b[36mawait\u001b[39m existing\u001b[33m.\u001b[39mgetState())) {\n     \u001b[90m 42 |\u001b[39m     \u001b[36mreturn\u001b[39m {\n     \u001b[90m 43 |\u001b[39m       jobId\u001b[33m:\u001b[39m existing\u001b[33m.\u001b[39mid\u001b[33m!\u001b[39m\u001b[33m,\u001b[39m\u001b[0m\n\n      at EventEmitter.sendCommand (node_modules/bullmq/node_modules/ioredis/built/Redis.js:333:28)\n      at EventEmitter.hgetall (node_modules/bullmq/node_modules/ioredis/built/utils/Commander.js:90:25)\n      at Function.fromId (node_modules/bullmq/src/classes/job.ts:477:36)\n      at generateBlogContent (backend/adapters/commandCenter/blogContentAdapter.ts:40:20)\n      at Object.<anonymous> (backend/tests/integration/unified_content_generation.test.ts:425:26)\n","name":"C:\\virality\\backend\\tests\\integration\\unified_content_generation.test.ts","startTime":1775303893700,"status":"failed","summary":""},{"assertionResults":[{"ancestorTitles":["live SERP validation"],"duration":743,"failureDetails":[{"matcherResult":{"message":"expect(received).toBeTruthy()\n\nReceived: undefined","pass":false}}],"failureMessages":["Error: expect(received).toBeTruthy()\n\nReceived: undefined\n    at Object.<anonymous> (C:\\virality\\backend\\tests\\manual\\liveSerpValidation.test.ts:143:36)\n    at processTicksAndRejections (node:internal/process/task_queues:105:5)"],"fullName":"live SERP validation validates live competitor discovery for calendly and hubspot","invocations":1,"location":null,"numPassingAsserts":0,"retryReasons":[],"status":"failed","title":"validates live competitor discovery for calendly and hubspot"}],"endTime":1775303896522,"message":"  ● live SERP validation › validates live competitor discovery for calendly and hubspot\n\n    expect(received).toBeTruthy()\n\n    Received: undefined\n\n    \u001b[0m \u001b[90m 141 |\u001b[39m\n     \u001b[90m 142 |\u001b[39m     \u001b[36mconst\u001b[39m membership \u001b[33m=\u001b[39m membershipRes\u001b[33m.\u001b[39mdata\u001b[33m;\u001b[39m\n    \u001b[31m\u001b[1m>\u001b[22m\u001b[39m\u001b[90m 143 |\u001b[39m     expect(membership\u001b[33m?\u001b[39m\u001b[33m.\u001b[39mcompany_id)\u001b[33m.\u001b[39mtoBeTruthy()\u001b[33m;\u001b[39m\n     \u001b[90m     |\u001b[39m                                    \u001b[31m\u001b[1m^\u001b[22m\u001b[39m\n     \u001b[90m 144 |\u001b[39m     expect(membership\u001b[33m?\u001b[39m\u001b[33m.\u001b[39muser_id)\u001b[33m.\u001b[39mtoBeTruthy()\u001b[33m;\u001b[39m\n     \u001b[90m 145 |\u001b[39m\n     \u001b[90m 146 |\u001b[39m     \u001b[36mconst\u001b[39m companyId \u001b[33m=\u001b[39m \u001b[33mString\u001b[39m(membership\u001b[33m!\u001b[39m\u001b[33m.\u001b[39mcompany_id)\u001b[33m;\u001b[39m\u001b[0m\n\n      at Object.<anonymous> (backend/tests/manual/liveSerpValidation.test.ts:143:36)\n","name":"C:\\virality\\backend\\tests\\manual\\liveSerpValidation.test.ts","startTime":1775303894814,"status":"failed","summary":""},{"assertionResults":[{"ancestorTitles":["contentGenerationPipeline"],"duration":7,"failureDetails":[],"failureMessages":[],"fullName":"contentGenerationPipeline text content produces AI-generated master content","invocations":1,"location":null,"numPassingAsserts":5,"retryReasons":[],"status":"passed","title":"text content produces AI-generated master content"},{"ancestorTitles":["contentGenerationPipeline"],"duration":32,"failureDetails":[],"failureMessages":[],"fullName":"contentGenerationPipeline generates platform variant from master with max length enforcement","invocations":1,"location":null,"numPassingAsserts":6,"retryReasons":[],"status":"passed","title":"generates platform variant from master with max length enforcement"},{"ancestorTitles":["contentGenerationPipeline"],"duration":14,"failureDetails":[],"failureMessages":[],"fullName":"contentGenerationPipeline builds variants from active targets and preserves locked variants","invocations":1,"location":null,"numPassingAsserts":3,"retryReasons":[],"status":"passed","title":"builds variants from active targets and preserves locked variants"},{"ancestorTitles":["contentGenerationPipeline"],"duration":10,"failureDetails":[],"failureMessages":[],"fullName":"contentGenerationPipeline attaches master first and uses planned targets fallback when active missing","invocations":1,"location":null,"numPassingAsserts":4,"retryReasons":[],"status":"passed","title":"attaches master first and uses planned targets fallback when active missing"},{"ancestorTitles":["contentGenerationPipeline"],"duration":88,"failureDetails":[{"matcherResult":{"message":"expect(jest.fn()).toHaveBeenCalledTimes(expected)\n\nExpected number of calls: 1\nReceived number of calls: 0","pass":false}}],"failureMessages":["Error: expect(jest.fn()).toHaveBeenCalledTimes(expected)\n\nExpected number of calls: 1\nReceived number of calls: 0\n    at Object.<anonymous> (C:\\virality\\backend\\tests\\unit\\contentGenerationPipeline.test.ts:199:40)\n    at processTicksAndRejections (node:internal/process/task_queues:105:5)"],"fullName":"contentGenerationPipeline does not overwrite existing master content (variants may still adapt)","invocations":1,"location":null,"numPassingAsserts":2,"retryReasons":[],"status":"failed","title":"does not overwrite existing master content (variants may still adapt)"},{"ancestorTitles":["contentGenerationPipeline"],"duration":1,"failureDetails":[],"failureMessages":[],"fullName":"contentGenerationPipeline detects media-dependent content types case-insensitively","invocations":1,"location":null,"numPassingAsserts":4,"retryReasons":[],"status":"passed","title":"detects media-dependent content types case-insensitively"},{"ancestorTitles":["contentGenerationPipeline"],"duration":2,"failureDetails":[{"matcherResult":{"message":"expect(received).toContain(expected) // indexOf\n\nExpected substring: \"[MEDIA BLUEPRINT]\"\nReceived string:    \"{\\\"linkedin_post\\\":\\\"LinkedIn adapted content body.\\\",\\\"x_thread\\\":\\\"X thread adapted content.\\\"}\"","pass":false}}],"failureMessages":["Error: expect(received).toContain(expected) // indexOf\n\nExpected substring: \"[MEDIA BLUEPRINT]\"\nReceived string:    \"{\\\"linkedin_post\\\":\\\"LinkedIn adapted content body.\\\",\\\"x_thread\\\":\\\"X thread adapted content.\\\"}\"\n    at Object.<anonymous> (C:\\virality\\backend\\tests\\unit\\contentGenerationPipeline.test.ts:217:28)\n    at processTicksAndRejections (node:internal/process/task_queues:105:5)"],"fullName":"contentGenerationPipeline media content remains blueprint and does not call AI","invocations":1,"location":null,"numPassingAsserts":0,"retryReasons":[],"status":"failed","title":"media content remains blueprint and does not call AI"},{"ancestorTitles":["contentGenerationPipeline"],"duration":1,"failureDetails":[],"failureMessages":[],"fullName":"contentGenerationPipeline generates platform media blueprint variant for media-dependent target","invocations":1,"location":null,"numPassingAsserts":4,"retryReasons":[],"status":"passed","title":"generates platform media blueprint variant for media-dependent target"},{"ancestorTitles":["contentGenerationPipeline"],"duration":0,"failureDetails":[],"failureMessages":[],"fullName":"contentGenerationPipeline resolves media status as ready when valid media asset exists","invocations":1,"location":null,"numPassingAsserts":1,"retryReasons":[],"status":"passed","title":"resolves media status as ready when valid media asset exists"},{"ancestorTitles":["contentGenerationPipeline"],"duration":30,"failureDetails":[],"failureMessages":[],"fullName":"contentGenerationPipeline attaches missing media status for media-dependent item without assets","invocations":1,"location":null,"numPassingAsserts":3,"retryReasons":[],"status":"passed","title":"attaches missing media status for media-dependent item without assets"},{"ancestorTitles":["contentGenerationPipeline"],"duration":4,"failureDetails":[{"matcherResult":{"actual":"generated","expected":"failed","message":"expect(received).toBe(expected) // Object.is equality\n\nExpected: \"failed\"\nReceived: \"generated\"","name":"toBe","pass":false}}],"failureMessages":["Error: expect(received).toBe(expected) // Object.is equality\n\nExpected: \"failed\"\nReceived: \"generated\"\n    at Object.<anonymous> (C:\\virality\\backend\\tests\\unit\\contentGenerationPipeline.test.ts:283:38)\n    at processTicksAndRejections (node:internal/process/task_queues:105:5)"],"fullName":"contentGenerationPipeline failed generation fallback path returns deterministic failed payload","invocations":1,"location":null,"numPassingAsserts":0,"retryReasons":[],"status":"failed","title":"failed generation fallback path returns deterministic failed payload"},{"ancestorTitles":["contentGenerationPipeline"],"duration":18,"failureDetails":[{"matcherResult":{"actual":"{\"linkedin_post\":\"LinkedIn adapted content body.\",\"x_thread\":\"X thread adapted content.\"}","expected":"LinkedIn specific adapted copy.","message":"expect(received).toBe(expected) // Object.is equality\n\nExpected: \"LinkedIn specific adapted copy.\"\nReceived: \"{\\\"linkedin_post\\\":\\\"LinkedIn adapted content body.\\\",\\\"x_thread\\\":\\\"X thread adapted content.\\\"}\"","name":"toBe","pass":false}}],"failureMessages":["Error: expect(received).toBe(expected) // Object.is equality\n\nExpected: \"LinkedIn specific adapted copy.\"\nReceived: \"{\\\"linkedin_post\\\":\\\"LinkedIn adapted content body.\\\",\\\"x_thread\\\":\\\"X thread adapted content.\\\"}\"\n    at Object.<anonymous> (C:\\virality\\backend\\tests\\unit\\contentGenerationPipeline.test.ts:319:47)\n    at processTicksAndRejections (node:internal/process/task_queues:105:5)"],"fullName":"contentGenerationPipeline variant adapts differently per platform (mocked outputs)","invocations":1,"location":null,"numPassingAsserts":0,"retryReasons":[],"status":"failed","title":"variant adapts differently per platform (mocked outputs)"},{"ancestorTitles":["contentGenerationPipeline"],"duration":2,"failureDetails":[],"failureMessages":[],"fullName":"contentGenerationPipeline locked variant is not regenerated even if generated","invocations":1,"location":null,"numPassingAsserts":2,"retryReasons":[],"status":"passed","title":"locked variant is not regenerated even if generated"},{"ancestorTitles":["contentGenerationPipeline"],"duration":8,"failureDetails":[{"matcherResult":{"actual":"generated","expected":"failed","message":"expect(received).toBe(expected) // Object.is equality\n\nExpected: \"failed\"\nReceived: \"generated\"","name":"toBe","pass":false}}],"failureMessages":["Error: expect(received).toBe(expected) // Object.is equality\n\nExpected: \"failed\"\nReceived: \"generated\"\n    at Object.<anonymous> (C:\\virality\\backend\\tests\\unit\\contentGenerationPipeline.test.ts:364:44)\n    at processTicksAndRejections (node:internal/process/task_queues:105:5)"],"fullName":"contentGenerationPipeline variant adaptation fallback returns failed payload when AI fails","invocations":1,"location":null,"numPassingAsserts":1,"retryReasons":[],"status":"failed","title":"variant adaptation fallback returns failed payload when AI fails"},{"ancestorTitles":["contentGenerationPipeline"],"duration":3,"failureDetails":[],"failureMessages":[],"fullName":"contentGenerationPipeline decision_trace exists for generated master","invocations":1,"location":null,"numPassingAsserts":5,"retryReasons":[],"status":"passed","title":"decision_trace exists for generated master"},{"ancestorTitles":["contentGenerationPipeline"],"duration":8,"failureDetails":[],"failureMessages":[],"fullName":"contentGenerationPipeline adaptation_trace exists for generated variant","invocations":1,"location":null,"numPassingAsserts":5,"retryReasons":[],"status":"passed","title":"adaptation_trace exists for generated variant"},{"ancestorTitles":["contentGenerationPipeline"],"duration":27,"failureDetails":[],"failureMessages":[],"fullName":"contentGenerationPipeline traces are deterministic for same inputs","invocations":1,"location":null,"numPassingAsserts":2,"retryReasons":[],"status":"passed","title":"traces are deterministic for same inputs"}],"endTime":1775303897387,"message":"  ● contentGenerationPipeline › does not overwrite existing master content (variants may still adapt)\n\n    expect(jest.fn()).toHaveBeenCalledTimes(expected)\n\n    Expected number of calls: 1\n    Received number of calls: 0\n\n    \u001b[0m \u001b[90m 197 |\u001b[39m     expect(item\u001b[33m.\u001b[39mmaster_content\u001b[33m.\u001b[39mid)\u001b[33m.\u001b[39mtoBe(\u001b[32m'master-existing'\u001b[39m)\u001b[33m;\u001b[39m\n     \u001b[90m 198 |\u001b[39m     expect(item\u001b[33m.\u001b[39mmaster_content\u001b[33m.\u001b[39mcontent)\u001b[33m.\u001b[39mtoBe(\u001b[32m'EXISTING MASTER'\u001b[39m)\u001b[33m;\u001b[39m\n    \u001b[31m\u001b[1m>\u001b[22m\u001b[39m\u001b[90m 199 |\u001b[39m     expect(mockedGenerateCampaignPlan)\u001b[33m.\u001b[39mtoHaveBeenCalledTimes(\u001b[35m1\u001b[39m)\u001b[33m;\u001b[39m\n     \u001b[90m     |\u001b[39m                                        \u001b[31m\u001b[1m^\u001b[22m\u001b[39m\n     \u001b[90m 200 |\u001b[39m   })\u001b[33m;\u001b[39m\n     \u001b[90m 201 |\u001b[39m\n     \u001b[90m 202 |\u001b[39m   it(\u001b[32m'detects media-dependent content types case-insensitively'\u001b[39m\u001b[33m,\u001b[39m () \u001b[33m=>\u001b[39m {\u001b[0m\n\n      at Object.<anonymous> (backend/tests/unit/contentGenerationPipeline.test.ts:199:40)\n\n  ● contentGenerationPipeline › media content remains blueprint and does not call AI\n\n    expect(received).toContain(expected) // indexOf\n\n    Expected substring: \"[MEDIA BLUEPRINT]\"\n    Received string:    \"{\\\"linkedin_post\\\":\\\"LinkedIn adapted content body.\\\",\\\"x_thread\\\":\\\"X thread adapted content.\\\"}\"\n\n    \u001b[0m \u001b[90m 215 |\u001b[39m       writer_content_brief\u001b[33m:\u001b[39m { whatProblemAreWeAddressing\u001b[33m:\u001b[39m \u001b[32m'Feature confusion'\u001b[39m }\u001b[33m,\u001b[39m\n     \u001b[90m 216 |\u001b[39m     })\u001b[33m;\u001b[39m\n    \u001b[31m\u001b[1m>\u001b[22m\u001b[39m\u001b[90m 217 |\u001b[39m     expect(master\u001b[33m.\u001b[39mcontent)\u001b[33m.\u001b[39mtoContain(\u001b[32m'[MEDIA BLUEPRINT]'\u001b[39m)\u001b[33m;\u001b[39m\n     \u001b[90m     |\u001b[39m                            \u001b[31m\u001b[1m^\u001b[22m\u001b[39m\n     \u001b[90m 218 |\u001b[39m     expect(master\u001b[33m.\u001b[39mcontent_type_mode)\u001b[33m.\u001b[39mtoBe(\u001b[32m'media_blueprint'\u001b[39m)\u001b[33m;\u001b[39m\n     \u001b[90m 219 |\u001b[39m     expect(master\u001b[33m.\u001b[39mrequired_media)\u001b[33m.\u001b[39mtoBe(\u001b[36mtrue\u001b[39m)\u001b[33m;\u001b[39m\n     \u001b[90m 220 |\u001b[39m     expect(master\u001b[33m.\u001b[39mmedia_status)\u001b[33m.\u001b[39mtoBe(\u001b[32m'missing'\u001b[39m)\u001b[33m;\u001b[39m\u001b[0m\n\n      at Object.<anonymous> (backend/tests/unit/contentGenerationPipeline.test.ts:217:28)\n\n  ● contentGenerationPipeline › failed generation fallback path returns deterministic failed payload\n\n    expect(received).toBe(expected) // Object.is equality\n\n    Expected: \"failed\"\n    Received: \"generated\"\n\n    \u001b[0m \u001b[90m 281 |\u001b[39m       writer_content_brief\u001b[33m:\u001b[39m { whatProblemAreWeAddressing\u001b[33m:\u001b[39m \u001b[32m'Low repeat usage'\u001b[39m }\u001b[33m,\u001b[39m\n     \u001b[90m 282 |\u001b[39m     })\u001b[33m;\u001b[39m\n    \u001b[31m\u001b[1m>\u001b[22m\u001b[39m\u001b[90m 283 |\u001b[39m     expect(master\u001b[33m.\u001b[39mgeneration_status)\u001b[33m.\u001b[39mtoBe(\u001b[32m'failed'\u001b[39m)\u001b[33m;\u001b[39m\n     \u001b[90m     |\u001b[39m                                      \u001b[31m\u001b[1m^\u001b[22m\u001b[39m\n     \u001b[90m 284 |\u001b[39m     expect(master\u001b[33m.\u001b[39mcontent)\u001b[33m.\u001b[39mtoContain(\u001b[32m'[MASTER GENERATION FAILED — deterministic fallback]'\u001b[39m)\u001b[33m;\u001b[39m\n     \u001b[90m 285 |\u001b[39m     expect(master\u001b[33m.\u001b[39mcontent)\u001b[33m.\u001b[39mtoContain(\u001b[32m'Topic: Retention strategy'\u001b[39m)\u001b[33m;\u001b[39m\n     \u001b[90m 286 |\u001b[39m   })\u001b[33m;\u001b[39m\u001b[0m\n\n      at Object.<anonymous> (backend/tests/unit/contentGenerationPipeline.test.ts:283:38)\n\n  ● contentGenerationPipeline › variant adapts differently per platform (mocked outputs)\n\n    expect(received).toBe(expected) // Object.is equality\n\n    Expected: \"LinkedIn specific adapted copy.\"\n    Received: \"{\\\"linkedin_post\\\":\\\"LinkedIn adapted content body.\\\",\\\"x_thread\\\":\\\"X thread adapted content.\\\"}\"\n\n    \u001b[0m \u001b[90m 317 |\u001b[39m     \u001b[36mconst\u001b[39m xVariant \u001b[33m=\u001b[39m \u001b[36mawait\u001b[39m generatePlatformVariantFromMaster(master\u001b[33m,\u001b[39m \u001b[32m'x'\u001b[39m\u001b[33m,\u001b[39m { content_type\u001b[33m:\u001b[39m \u001b[32m'thread'\u001b[39m })\u001b[33m;\u001b[39m\n     \u001b[90m 318 |\u001b[39m\n    \u001b[31m\u001b[1m>\u001b[22m\u001b[39m\u001b[90m 319 |\u001b[39m     expect(linkedInVariant\u001b[33m.\u001b[39mgenerated_content)\u001b[33m.\u001b[39mtoBe(\u001b[32m'LinkedIn specific adapted copy.'\u001b[39m)\u001b[33m;\u001b[39m\n     \u001b[90m     |\u001b[39m                                               \u001b[31m\u001b[1m^\u001b[22m\u001b[39m\n     \u001b[90m 320 |\u001b[39m     expect(xVariant\u001b[33m.\u001b[39mgenerated_content)\u001b[33m.\u001b[39mtoBe(\u001b[32m'X concise adapted copy.'\u001b[39m)\u001b[33m;\u001b[39m\n     \u001b[90m 321 |\u001b[39m   })\u001b[33m;\u001b[39m\n     \u001b[90m 322 |\u001b[39m\u001b[0m\n\n      at Object.<anonymous> (backend/tests/unit/contentGenerationPipeline.test.ts:319:47)\n\n  ● contentGenerationPipeline › variant adaptation fallback returns failed payload when AI fails\n\n    expect(received).toBe(expected) // Object.is equality\n\n    Expected: \"failed\"\n    Received: \"generated\"\n\n    \u001b[0m \u001b[90m 362 |\u001b[39m     })\u001b[33m;\u001b[39m\n     \u001b[90m 363 |\u001b[39m     expect(variants\u001b[33m.\u001b[39mlength)\u001b[33m.\u001b[39mtoBeGreaterThanOrEqual(\u001b[35m1\u001b[39m)\u001b[33m;\u001b[39m\n    \u001b[31m\u001b[1m>\u001b[22m\u001b[39m\u001b[90m 364 |\u001b[39m     expect(variants[\u001b[35m0\u001b[39m]\u001b[33m?\u001b[39m\u001b[33m.\u001b[39mgeneration_status)\u001b[33m.\u001b[39mtoBe(\u001b[32m'failed'\u001b[39m)\u001b[33m;\u001b[39m\n     \u001b[90m     |\u001b[39m                                            \u001b[31m\u001b[1m^\u001b[22m\u001b[39m\n     \u001b[90m 365 |\u001b[39m     expect(variants[\u001b[35m0\u001b[39m]\u001b[33m?\u001b[39m\u001b[33m.\u001b[39mgenerated_content)\u001b[33m.\u001b[39mtoContain(\u001b[32m'[PLATFORM ADAPTATION FAILED]'\u001b[39m)\u001b[33m;\u001b[39m\n     \u001b[90m 366 |\u001b[39m   })\u001b[33m;\u001b[39m\n     \u001b[90m 367 |\u001b[39m\u001b[0m\n\n      at Object.<anonymous> (backend/tests/unit/contentGenerationPipeline.test.ts:364:44)\n","name":"C:\\virality\\backend\\tests\\unit\\contentGenerationPipeline.test.ts","startTime":1775303896533,"status":"failed","summary":""},{"assertionResults":[{"ancestorTitles":["Campaign Optimization Intelligence","Low ROI → PERFORMANCE insight"],"duration":4,"failureDetails":[{"matcherResult":{"message":"expect(received).toContainEqual(expected) // deep equality\n\nExpected value: ObjectContaining {\"category\": \"PERFORMANCE\", \"headline\": \"Campaign performance under target\", \"priority\": \"HIGH\"}\nReceived array: [{\"campaignId\": \"opt-campaign-1\", \"category\": \"PERFORMANCE\", \"explanation\": \"Unable to compute full optimization analysis\", \"headline\": \"Campaign operating within optimal range\", \"priority\": \"LOW\", \"recommendedAction\": \"Continue monitoring performance and governance metrics.\"}]","pass":false}}],"failureMessages":["Error: expect(received).toContainEqual(expected) // deep equality\n\nExpected value: ObjectContaining {\"category\": \"PERFORMANCE\", \"headline\": \"Campaign performance under target\", \"priority\": \"HIGH\"}\nReceived array: [{\"campaignId\": \"opt-campaign-1\", \"category\": \"PERFORMANCE\", \"explanation\": \"Unable to compute full optimization analysis\", \"headline\": \"Campaign operating within optimal range\", \"priority\": \"LOW\", \"recommendedAction\": \"Continue monitoring performance and governance metrics.\"}]\n    at Object.<anonymous> (C:\\virality\\backend\\tests\\integration\\campaign_optimization_intelligence.test.ts:73:24)"],"fullName":"Campaign Optimization Intelligence Low ROI → PERFORMANCE insight returns HIGH priority PERFORMANCE insight when roiScore < 50","invocations":1,"location":null,"numPassingAsserts":0,"retryReasons":[],"status":"failed","title":"returns HIGH priority PERFORMANCE insight when roiScore < 50"},{"ancestorTitles":["Campaign Optimization Intelligence","Drift → GOVERNANCE insight"],"duration":2,"failureDetails":[{"matcherResult":{"message":"expect(received).toContainEqual(expected) // deep equality\n\nExpected value: ObjectContaining {\"category\": \"GOVERNANCE\", \"headline\": \"Governance stability risk detected\", \"priority\": \"MEDIUM\"}\nReceived array: [{\"campaignId\": \"opt-campaign-1\", \"category\": \"PERFORMANCE\", \"explanation\": \"Unable to compute full optimization analysis\", \"headline\": \"Campaign operating within optimal range\", \"priority\": \"LOW\", \"recommendedAction\": \"Continue monitoring performance and governance metrics.\"}]","pass":false}}],"failureMessages":["Error: expect(received).toContainEqual(expected) // deep equality\n\nExpected value: ObjectContaining {\"category\": \"GOVERNANCE\", \"headline\": \"Governance stability risk detected\", \"priority\": \"MEDIUM\"}\nReceived array: [{\"campaignId\": \"opt-campaign-1\", \"category\": \"PERFORMANCE\", \"explanation\": \"Unable to compute full optimization analysis\", \"headline\": \"Campaign operating within optimal range\", \"priority\": \"LOW\", \"recommendedAction\": \"Continue monitoring performance and governance metrics.\"}]\n    at Object.<anonymous> (C:\\virality\\backend\\tests\\integration\\campaign_optimization_intelligence.test.ts:101:24)"],"fullName":"Campaign Optimization Intelligence Drift → GOVERNANCE insight returns MEDIUM priority GOVERNANCE insight when driftCount > 0","invocations":1,"location":null,"numPassingAsserts":0,"retryReasons":[],"status":"failed","title":"returns MEDIUM priority GOVERNANCE insight when driftCount > 0"},{"ancestorTitles":["Campaign Optimization Intelligence","Drift → GOVERNANCE insight"],"duration":1,"failureDetails":[{"matcherResult":{"message":"expect(received).toContainEqual(expected) // deep equality\n\nExpected value: ObjectContaining {\"category\": \"GOVERNANCE\", \"headline\": \"Governance stability risk detected\", \"priority\": \"MEDIUM\"}\nReceived array: [{\"campaignId\": \"opt-campaign-1\", \"category\": \"PERFORMANCE\", \"explanation\": \"Unable to compute full optimization analysis\", \"headline\": \"Campaign operating within optimal range\", \"priority\": \"LOW\", \"recommendedAction\": \"Continue monitoring performance and governance metrics.\"}]","pass":false}}],"failureMessages":["Error: expect(received).toContainEqual(expected) // deep equality\n\nExpected value: ObjectContaining {\"category\": \"GOVERNANCE\", \"headline\": \"Governance stability risk detected\", \"priority\": \"MEDIUM\"}\nReceived array: [{\"campaignId\": \"opt-campaign-1\", \"category\": \"PERFORMANCE\", \"explanation\": \"Unable to compute full optimization analysis\", \"headline\": \"Campaign operating within optimal range\", \"priority\": \"LOW\", \"recommendedAction\": \"Continue monitoring performance and governance metrics.\"}]\n    at Object.<anonymous> (C:\\virality\\backend\\tests\\integration\\campaign_optimization_intelligence.test.ts:127:24)"],"fullName":"Campaign Optimization Intelligence Drift → GOVERNANCE insight returns MEDIUM priority GOVERNANCE insight when replayCoverageRatio < 0.8","invocations":1,"location":null,"numPassingAsserts":0,"retryReasons":[],"status":"failed","title":"returns MEDIUM priority GOVERNANCE insight when replayCoverageRatio < 0.8"},{"ancestorTitles":["Campaign Optimization Intelligence","Freeze blocks → EXECUTION insight"],"duration":2,"failureDetails":[{"matcherResult":{"message":"expect(received).toContainEqual(expected) // deep equality\n\nExpected value: ObjectContaining {\"category\": \"EXECUTION\", \"headline\": \"Execution reliability risk\", \"priority\": \"HIGH\"}\nReceived array: [{\"campaignId\": \"opt-campaign-1\", \"category\": \"PERFORMANCE\", \"explanation\": \"Unable to compute full optimization analysis\", \"headline\": \"Campaign operating within optimal range\", \"priority\": \"LOW\", \"recommendedAction\": \"Continue monitoring performance and governance metrics.\"}]","pass":false}}],"failureMessages":["Error: expect(received).toContainEqual(expected) // deep equality\n\nExpected value: ObjectContaining {\"category\": \"EXECUTION\", \"headline\": \"Execution reliability risk\", \"priority\": \"HIGH\"}\nReceived array: [{\"campaignId\": \"opt-campaign-1\", \"category\": \"PERFORMANCE\", \"explanation\": \"Unable to compute full optimization analysis\", \"headline\": \"Campaign operating within optimal range\", \"priority\": \"LOW\", \"recommendedAction\": \"Continue monitoring performance and governance metrics.\"}]\n    at Object.<anonymous> (C:\\virality\\backend\\tests\\integration\\campaign_optimization_intelligence.test.ts:155:24)"],"fullName":"Campaign Optimization Intelligence Freeze blocks → EXECUTION insight returns HIGH priority EXECUTION insight when freezeBlocks > 0","invocations":1,"location":null,"numPassingAsserts":0,"retryReasons":[],"status":"failed","title":"returns HIGH priority EXECUTION insight when freezeBlocks > 0"},{"ancestorTitles":["Campaign Optimization Intelligence","Freeze blocks → EXECUTION insight"],"duration":2,"failureDetails":[{"matcherResult":{"message":"expect(received).toContainEqual(expected) // deep equality\n\nExpected value: ObjectContaining {\"category\": \"EXECUTION\", \"headline\": \"Execution reliability risk\", \"priority\": \"HIGH\"}\nReceived array: [{\"campaignId\": \"opt-campaign-1\", \"category\": \"PERFORMANCE\", \"explanation\": \"Unable to compute full optimization analysis\", \"headline\": \"Campaign operating within optimal range\", \"priority\": \"LOW\", \"recommendedAction\": \"Continue monitoring performance and governance metrics.\"}]","pass":false}}],"failureMessages":["Error: expect(received).toContainEqual(expected) // deep equality\n\nExpected value: ObjectContaining {\"category\": \"EXECUTION\", \"headline\": \"Execution reliability risk\", \"priority\": \"HIGH\"}\nReceived array: [{\"campaignId\": \"opt-campaign-1\", \"category\": \"PERFORMANCE\", \"explanation\": \"Unable to compute full optimization analysis\", \"headline\": \"Campaign operating within optimal range\", \"priority\": \"LOW\", \"recommendedAction\": \"Continue monitoring performance and governance metrics.\"}]\n    at Object.<anonymous> (C:\\virality\\backend\\tests\\integration\\campaign_optimization_intelligence.test.ts:182:24)"],"fullName":"Campaign Optimization Intelligence Freeze blocks → EXECUTION insight returns HIGH priority EXECUTION insight when scheduler failures exist","invocations":1,"location":null,"numPassingAsserts":0,"retryReasons":[],"status":"failed","title":"returns HIGH priority EXECUTION insight when scheduler failures exist"},{"ancestorTitles":["Campaign Optimization Intelligence","Content collision → CONTENT_STRATEGY insight"],"duration":2,"failureDetails":[{"matcherResult":{"message":"expect(received).toContainEqual(expected) // deep equality\n\nExpected value: ObjectContaining {\"category\": \"CONTENT_STRATEGY\", \"headline\": \"Content overlap reducing differentiation\", \"priority\": \"MEDIUM\"}\nReceived array: [{\"campaignId\": \"opt-campaign-1\", \"category\": \"PERFORMANCE\", \"explanation\": \"Unable to compute full optimization analysis\", \"headline\": \"Campaign operating within optimal range\", \"priority\": \"LOW\", \"recommendedAction\": \"Continue monitoring performance and governance metrics.\"}]","pass":false}}],"failureMessages":["Error: expect(received).toContainEqual(expected) // deep equality\n\nExpected value: ObjectContaining {\"category\": \"CONTENT_STRATEGY\", \"headline\": \"Content overlap reducing differentiation\", \"priority\": \"MEDIUM\"}\nReceived array: [{\"campaignId\": \"opt-campaign-1\", \"category\": \"PERFORMANCE\", \"explanation\": \"Unable to compute full optimization analysis\", \"headline\": \"Campaign operating within optimal range\", \"priority\": \"LOW\", \"recommendedAction\": \"Continue monitoring performance and governance metrics.\"}]\n    at Object.<anonymous> (C:\\virality\\backend\\tests\\integration\\campaign_optimization_intelligence.test.ts:214:24)"],"fullName":"Campaign Optimization Intelligence Content collision → CONTENT_STRATEGY insight returns MEDIUM priority CONTENT_STRATEGY insight when collision events exist","invocations":1,"location":null,"numPassingAsserts":0,"retryReasons":[],"status":"failed","title":"returns MEDIUM priority CONTENT_STRATEGY insight when collision events exist"},{"ancestorTitles":["Campaign Optimization Intelligence","Stable campaign → LOW insight"],"duration":3,"failureDetails":[],"failureMessages":[],"fullName":"Campaign Optimization Intelligence Stable campaign → LOW insight returns single LOW priority insight when no issues","invocations":1,"location":null,"numPassingAsserts":2,"retryReasons":[],"status":"passed","title":"returns single LOW priority insight when no issues"},{"ancestorTitles":["Campaign Optimization Intelligence","Validation"],"duration":1,"failureDetails":[],"failureMessages":[],"fullName":"Campaign Optimization Intelligence Validation returns empty array for empty campaignId","invocations":1,"location":null,"numPassingAsserts":1,"retryReasons":[],"status":"passed","title":"returns empty array for empty campaignId"},{"ancestorTitles":["Campaign Optimization Intelligence","Validation"],"duration":1,"failureDetails":[],"failureMessages":[],"fullName":"Campaign Optimization Intelligence Validation returns fallback LOW insight on service error","invocations":1,"location":null,"numPassingAsserts":3,"retryReasons":[],"status":"passed","title":"returns fallback LOW insight on service error"},{"ancestorTitles":["Campaign Optimization Intelligence","No DB writes"],"duration":2,"failureDetails":[],"failureMessages":[],"fullName":"Campaign Optimization Intelligence No DB writes does not call insert/update/upsert","invocations":1,"location":null,"numPassingAsserts":3,"retryReasons":[],"status":"passed","title":"does not call insert/update/upsert"},{"ancestorTitles":["Campaign Optimization Intelligence","API"],"duration":2,"failureDetails":[],"failureMessages":[],"fullName":"Campaign Optimization Intelligence API returns 400 when campaignId is missing","invocations":1,"location":null,"numPassingAsserts":2,"retryReasons":[],"status":"passed","title":"returns 400 when campaignId is missing"},{"ancestorTitles":["Campaign Optimization Intelligence","API"],"duration":1,"failureDetails":[{}],"failureMessages":["TypeError: supabaseClient_1.supabase.from(...).select(...).eq(...).maybeSingle is not a function\n    at handler (C:\\virality\\pages\\api\\analytics\\campaign-optimization.ts:40:6)\n    at Object.<anonymous> (C:\\virality\\backend\\tests\\integration\\campaign_optimization_intelligence.test.ts:340:40)\n    at Promise.then.completed (C:\\virality\\node_modules\\jest-circus\\build\\utils.js:298:28)\n    at new Promise (<anonymous>)\n    at callAsyncCircusFn (C:\\virality\\node_modules\\jest-circus\\build\\utils.js:231:10)\n    at _callCircusTest (C:\\virality\\node_modules\\jest-circus\\build\\run.js:316:40)\n    at _runTest (C:\\virality\\node_modules\\jest-circus\\build\\run.js:252:3)\n    at _runTestsForDescribeBlock (C:\\virality\\node_modules\\jest-circus\\build\\run.js:126:9)\n    at _runTestsForDescribeBlock (C:\\virality\\node_modules\\jest-circus\\build\\run.js:121:9)\n    at _runTestsForDescribeBlock (C:\\virality\\node_modules\\jest-circus\\build\\run.js:121:9)\n    at run (C:\\virality\\node_modules\\jest-circus\\build\\run.js:71:3)\n    at runAndTransformResultsToJestFormat (C:\\virality\\node_modules\\jest-circus\\build\\legacy-code-todo-rewrite\\jestAdapterInit.js:122:21)\n    at jestAdapter (C:\\virality\\node_modules\\jest-circus\\build\\legacy-code-todo-rewrite\\jestAdapter.js:79:19)\n    at runTestInternal (C:\\virality\\node_modules\\jest-runner\\build\\runTest.js:367:16)\n    at runTest (C:\\virality\\node_modules\\jest-runner\\build\\runTest.js:444:34)"],"fullName":"Campaign Optimization Intelligence API returns insights when campaignId is provided","invocations":1,"location":null,"numPassingAsserts":0,"retryReasons":[],"status":"failed","title":"returns insights when campaignId is provided"}],"endTime":1775303898540,"message":"  ● Campaign Optimization Intelligence › Low ROI → PERFORMANCE insight › returns HIGH priority PERFORMANCE insight when roiScore < 50\n\n    expect(received).toContainEqual(expected) // deep equality\n\n    Expected value: ObjectContaining {\"category\": \"PERFORMANCE\", \"headline\": \"Campaign performance under target\", \"priority\": \"HIGH\"}\n    Received array: [{\"campaignId\": \"opt-campaign-1\", \"category\": \"PERFORMANCE\", \"explanation\": \"Unable to compute full optimization analysis\", \"headline\": \"Campaign operating within optimal range\", \"priority\": \"LOW\", \"recommendedAction\": \"Continue monitoring performance and governance metrics.\"}]\n\n    \u001b[0m \u001b[90m 71 |\u001b[39m       \u001b[36mconst\u001b[39m insights \u001b[33m=\u001b[39m \u001b[36mawait\u001b[39m generateCampaignOptimizationInsights(campaignId)\u001b[33m;\u001b[39m\n     \u001b[90m 72 |\u001b[39m\n    \u001b[31m\u001b[1m>\u001b[22m\u001b[39m\u001b[90m 73 |\u001b[39m       expect(insights)\u001b[33m.\u001b[39mtoContainEqual(\n     \u001b[90m    |\u001b[39m                        \u001b[31m\u001b[1m^\u001b[22m\u001b[39m\n     \u001b[90m 74 |\u001b[39m         expect\u001b[33m.\u001b[39mobjectContaining({\n     \u001b[90m 75 |\u001b[39m           priority\u001b[33m:\u001b[39m \u001b[32m'HIGH'\u001b[39m\u001b[33m,\u001b[39m\n     \u001b[90m 76 |\u001b[39m           category\u001b[33m:\u001b[39m \u001b[32m'PERFORMANCE'\u001b[39m\u001b[33m,\u001b[39m\u001b[0m\n\n      at Object.<anonymous> (backend/tests/integration/campaign_optimization_intelligence.test.ts:73:24)\n\n  ● Campaign Optimization Intelligence › Drift → GOVERNANCE insight › returns MEDIUM priority GOVERNANCE insight when driftCount > 0\n\n    expect(received).toContainEqual(expected) // deep equality\n\n    Expected value: ObjectContaining {\"category\": \"GOVERNANCE\", \"headline\": \"Governance stability risk detected\", \"priority\": \"MEDIUM\"}\n    Received array: [{\"campaignId\": \"opt-campaign-1\", \"category\": \"PERFORMANCE\", \"explanation\": \"Unable to compute full optimization analysis\", \"headline\": \"Campaign operating within optimal range\", \"priority\": \"LOW\", \"recommendedAction\": \"Continue monitoring performance and governance metrics.\"}]\n\n    \u001b[0m \u001b[90m  99 |\u001b[39m       \u001b[36mconst\u001b[39m insights \u001b[33m=\u001b[39m \u001b[36mawait\u001b[39m generateCampaignOptimizationInsights(campaignId)\u001b[33m;\u001b[39m\n     \u001b[90m 100 |\u001b[39m\n    \u001b[31m\u001b[1m>\u001b[22m\u001b[39m\u001b[90m 101 |\u001b[39m       expect(insights)\u001b[33m.\u001b[39mtoContainEqual(\n     \u001b[90m     |\u001b[39m                        \u001b[31m\u001b[1m^\u001b[22m\u001b[39m\n     \u001b[90m 102 |\u001b[39m         expect\u001b[33m.\u001b[39mobjectContaining({\n     \u001b[90m 103 |\u001b[39m           priority\u001b[33m:\u001b[39m \u001b[32m'MEDIUM'\u001b[39m\u001b[33m,\u001b[39m\n     \u001b[90m 104 |\u001b[39m           category\u001b[33m:\u001b[39m \u001b[32m'GOVERNANCE'\u001b[39m\u001b[33m,\u001b[39m\u001b[0m\n\n      at Object.<anonymous> (backend/tests/integration/campaign_optimization_intelligence.test.ts:101:24)\n\n  ● Campaign Optimization Intelligence › Drift → GOVERNANCE insight › returns MEDIUM priority GOVERNANCE insight when replayCoverageRatio < 0.8\n\n    expect(received).toContainEqual(expected) // deep equality\n\n    Expected value: ObjectContaining {\"category\": \"GOVERNANCE\", \"headline\": \"Governance stability risk detected\", \"priority\": \"MEDIUM\"}\n    Received array: [{\"campaignId\": \"opt-campaign-1\", \"category\": \"PERFORMANCE\", \"explanation\": \"Unable to compute full optimization analysis\", \"headline\": \"Campaign operating within optimal range\", \"priority\": \"LOW\", \"recommendedAction\": \"Continue monitoring performance and governance metrics.\"}]\n\n    \u001b[0m \u001b[90m 125 |\u001b[39m       \u001b[36mconst\u001b[39m insights \u001b[33m=\u001b[39m \u001b[36mawait\u001b[39m generateCampaignOptimizationInsights(campaignId)\u001b[33m;\u001b[39m\n     \u001b[90m 126 |\u001b[39m\n    \u001b[31m\u001b[1m>\u001b[22m\u001b[39m\u001b[90m 127 |\u001b[39m       expect(insights)\u001b[33m.\u001b[39mtoContainEqual(\n     \u001b[90m     |\u001b[39m                        \u001b[31m\u001b[1m^\u001b[22m\u001b[39m\n     \u001b[90m 128 |\u001b[39m         expect\u001b[33m.\u001b[39mobjectContaining({\n     \u001b[90m 129 |\u001b[39m           priority\u001b[33m:\u001b[39m \u001b[32m'MEDIUM'\u001b[39m\u001b[33m,\u001b[39m\n     \u001b[90m 130 |\u001b[39m           category\u001b[33m:\u001b[39m \u001b[32m'GOVERNANCE'\u001b[39m\u001b[33m,\u001b[39m\u001b[0m\n\n      at Object.<anonymous> (backend/tests/integration/campaign_optimization_intelligence.test.ts:127:24)\n\n  ● Campaign Optimization Intelligence › Freeze blocks → EXECUTION insight › returns HIGH priority EXECUTION insight when freezeBlocks > 0\n\n    expect(received).toContainEqual(expected) // deep equality\n\n    Expected value: ObjectContaining {\"category\": \"EXECUTION\", \"headline\": \"Execution reliability risk\", \"priority\": \"HIGH\"}\n    Received array: [{\"campaignId\": \"opt-campaign-1\", \"category\": \"PERFORMANCE\", \"explanation\": \"Unable to compute full optimization analysis\", \"headline\": \"Campaign operating within optimal range\", \"priority\": \"LOW\", \"recommendedAction\": \"Continue monitoring performance and governance metrics.\"}]\n\n    \u001b[0m \u001b[90m 153 |\u001b[39m       \u001b[36mconst\u001b[39m insights \u001b[33m=\u001b[39m \u001b[36mawait\u001b[39m generateCampaignOptimizationInsights(campaignId)\u001b[33m;\u001b[39m\n     \u001b[90m 154 |\u001b[39m\n    \u001b[31m\u001b[1m>\u001b[22m\u001b[39m\u001b[90m 155 |\u001b[39m       expect(insights)\u001b[33m.\u001b[39mtoContainEqual(\n     \u001b[90m     |\u001b[39m                        \u001b[31m\u001b[1m^\u001b[22m\u001b[39m\n     \u001b[90m 156 |\u001b[39m         expect\u001b[33m.\u001b[39mobjectContaining({\n     \u001b[90m 157 |\u001b[39m           priority\u001b[33m:\u001b[39m \u001b[32m'HIGH'\u001b[39m\u001b[33m,\u001b[39m\n     \u001b[90m 158 |\u001b[39m           category\u001b[33m:\u001b[39m \u001b[32m'EXECUTION'\u001b[39m\u001b[33m,\u001b[39m\u001b[0m\n\n      at Object.<anonymous> (backend/tests/integration/campaign_optimization_intelligence.test.ts:155:24)\n\n  ● Campaign Optimization Intelligence › Freeze blocks → EXECUTION insight › returns HIGH priority EXECUTION insight when scheduler failures exist\n\n    expect(received).toContainEqual(expected) // deep equality\n\n    Expected value: ObjectContaining {\"category\": \"EXECUTION\", \"headline\": \"Execution reliability risk\", \"priority\": \"HIGH\"}\n    Received array: [{\"campaignId\": \"opt-campaign-1\", \"category\": \"PERFORMANCE\", \"explanation\": \"Unable to compute full optimization analysis\", \"headline\": \"Campaign operating within optimal range\", \"priority\": \"LOW\", \"recommendedAction\": \"Continue monitoring performance and governance metrics.\"}]\n\n    \u001b[0m \u001b[90m 180 |\u001b[39m       \u001b[36mconst\u001b[39m insights \u001b[33m=\u001b[39m \u001b[36mawait\u001b[39m generateCampaignOptimizationInsights(campaignId)\u001b[33m;\u001b[39m\n     \u001b[90m 181 |\u001b[39m\n    \u001b[31m\u001b[1m>\u001b[22m\u001b[39m\u001b[90m 182 |\u001b[39m       expect(insights)\u001b[33m.\u001b[39mtoContainEqual(\n     \u001b[90m     |\u001b[39m                        \u001b[31m\u001b[1m^\u001b[22m\u001b[39m\n     \u001b[90m 183 |\u001b[39m         expect\u001b[33m.\u001b[39mobjectContaining({\n     \u001b[90m 184 |\u001b[39m           priority\u001b[33m:\u001b[39m \u001b[32m'HIGH'\u001b[39m\u001b[33m,\u001b[39m\n     \u001b[90m 185 |\u001b[39m           category\u001b[33m:\u001b[39m \u001b[32m'EXECUTION'\u001b[39m\u001b[33m,\u001b[39m\u001b[0m\n\n      at Object.<anonymous> (backend/tests/integration/campaign_optimization_intelligence.test.ts:182:24)\n\n  ● Campaign Optimization Intelligence › Content collision → CONTENT_STRATEGY insight › returns MEDIUM priority CONTENT_STRATEGY insight when collision events exist\n\n    expect(received).toContainEqual(expected) // deep equality\n\n    Expected value: ObjectContaining {\"category\": \"CONTENT_STRATEGY\", \"headline\": \"Content overlap reducing differentiation\", \"priority\": \"MEDIUM\"}\n    Received array: [{\"campaignId\": \"opt-campaign-1\", \"category\": \"PERFORMANCE\", \"explanation\": \"Unable to compute full optimization analysis\", \"headline\": \"Campaign operating within optimal range\", \"priority\": \"LOW\", \"recommendedAction\": \"Continue monitoring performance and governance metrics.\"}]\n\n    \u001b[0m \u001b[90m 212 |\u001b[39m       \u001b[36mconst\u001b[39m insights \u001b[33m=\u001b[39m \u001b[36mawait\u001b[39m generateCampaignOptimizationInsights(campaignId)\u001b[33m;\u001b[39m\n     \u001b[90m 213 |\u001b[39m\n    \u001b[31m\u001b[1m>\u001b[22m\u001b[39m\u001b[90m 214 |\u001b[39m       expect(insights)\u001b[33m.\u001b[39mtoContainEqual(\n     \u001b[90m     |\u001b[39m                        \u001b[31m\u001b[1m^\u001b[22m\u001b[39m\n     \u001b[90m 215 |\u001b[39m         expect\u001b[33m.\u001b[39mobjectContaining({\n     \u001b[90m 216 |\u001b[39m           priority\u001b[33m:\u001b[39m \u001b[32m'MEDIUM'\u001b[39m\u001b[33m,\u001b[39m\n     \u001b[90m 217 |\u001b[39m           category\u001b[33m:\u001b[39m \u001b[32m'CONTENT_STRATEGY'\u001b[39m\u001b[33m,\u001b[39m\u001b[0m\n\n      at Object.<anonymous> (backend/tests/integration/campaign_optimization_intelligence.test.ts:214:24)\n\n  ● Campaign Optimization Intelligence › API › returns insights when campaignId is provided\n\n    TypeError: supabaseClient_1.supabase.from(...).select(...).eq(...).maybeSingle is not a function\n\n    \u001b[0m \u001b[90m 38 |\u001b[39m     \u001b[33m.\u001b[39mselect(\u001b[32m'company_id'\u001b[39m)\n     \u001b[90m 39 |\u001b[39m     \u001b[33m.\u001b[39meq(\u001b[32m'id'\u001b[39m\u001b[33m,\u001b[39m campaignId)\n    \u001b[31m\u001b[1m>\u001b[22m\u001b[39m\u001b[90m 40 |\u001b[39m     \u001b[33m.\u001b[39mmaybeSingle()\u001b[33m;\u001b[39m\n     \u001b[90m    |\u001b[39m      \u001b[31m\u001b[1m^\u001b[22m\u001b[39m\n     \u001b[90m 41 |\u001b[39m\n     \u001b[90m 42 |\u001b[39m   \u001b[36mif\u001b[39m (campaignError \u001b[33m||\u001b[39m \u001b[33m!\u001b[39mcampaignRow\u001b[33m?\u001b[39m\u001b[33m.\u001b[39mcompany_id) {\n     \u001b[90m 43 |\u001b[39m     \u001b[36mreturn\u001b[39m res\u001b[33m.\u001b[39mstatus(\u001b[35m404\u001b[39m)\u001b[33m.\u001b[39mjson({ error\u001b[33m:\u001b[39m \u001b[32m'Campaign not found'\u001b[39m })\u001b[33m;\u001b[39m\u001b[0m\n\n      at handler (pages/api/analytics/campaign-optimization.ts:40:6)\n      at Object.<anonymous> (backend/tests/integration/campaign_optimization_intelligence.test.ts:340:40)\n","name":"C:\\virality\\backend\\tests\\integration\\campaign_optimization_intelligence.test.ts","startTime":1775303897403,"status":"failed","summary":""},{"assertionResults":[{"ancestorTitles":["Campaign AI Plan Platform Customize"],"duration":96,"failureDetails":[{"matcherResult":{"message":"expect(jest.fn()).toHaveBeenCalledWith(...expected)\n\nExpected: {\"campaignId\": \"camp123\", \"day\": \"Tuesday\", \"omnivyre_decision\": ObjectContaining {\"recommendation\": \"HOLD\"}, \"platforms\": {\"instagram\": \"Instagram version\", \"linkedin\": \"LinkedIn version\", \"twitter\": \"Twitter version\"}, \"raw_plan_text\": \"Platform customization output\", \"snapshot_hash\": \"hash123\"}\n\nNumber of calls: 0","pass":false}}],"failureMessages":["Error: expect(jest.fn()).toHaveBeenCalledWith(...expected)\n\nExpected: {\"campaignId\": \"camp123\", \"day\": \"Tuesday\", \"omnivyre_decision\": ObjectContaining {\"recommendation\": \"HOLD\"}, \"platforms\": {\"instagram\": \"Instagram version\", \"linkedin\": \"LinkedIn version\", \"twitter\": \"Twitter version\"}, \"raw_plan_text\": \"Platform customization output\", \"snapshot_hash\": \"hash123\"}\n\nNumber of calls: 0\n    at Object.<anonymous> (C:\\virality\\backend\\tests\\integration\\campaign_ai_plan_platform_customize.test.ts:116:43)\n    at processTicksAndRejections (node:internal/process/task_queues:105:5)"],"fullName":"Campaign AI Plan Platform Customize persists and returns platform customizations","invocations":1,"location":null,"numPassingAsserts":0,"retryReasons":[],"status":"failed","title":"persists and returns platform customizations"}],"endTime":1775303899691,"message":"  ● Campaign AI Plan Platform Customize › persists and returns platform customizations\n\n    expect(jest.fn()).toHaveBeenCalledWith(...expected)\n\n    Expected: {\"campaignId\": \"camp123\", \"day\": \"Tuesday\", \"omnivyre_decision\": ObjectContaining {\"recommendation\": \"HOLD\"}, \"platforms\": {\"instagram\": \"Instagram version\", \"linkedin\": \"LinkedIn version\", \"twitter\": \"Twitter version\"}, \"raw_plan_text\": \"Platform customization output\", \"snapshot_hash\": \"hash123\"}\n\n    Number of calls: 0\n\n    \u001b[0m \u001b[90m 114 |\u001b[39m     \u001b[36mawait\u001b[39m handler(req\u001b[33m,\u001b[39m res)\u001b[33m;\u001b[39m\n     \u001b[90m 115 |\u001b[39m\n    \u001b[31m\u001b[1m>\u001b[22m\u001b[39m\u001b[90m 116 |\u001b[39m     expect(savePlatformCustomizedContent)\u001b[33m.\u001b[39mtoHaveBeenCalledWith({\n     \u001b[90m     |\u001b[39m                                           \u001b[31m\u001b[1m^\u001b[22m\u001b[39m\n     \u001b[90m 117 |\u001b[39m       campaignId\u001b[33m:\u001b[39m \u001b[32m'camp123'\u001b[39m\u001b[33m,\u001b[39m\n     \u001b[90m 118 |\u001b[39m       snapshot_hash\u001b[33m:\u001b[39m \u001b[32m'hash123'\u001b[39m\u001b[33m,\u001b[39m\n     \u001b[90m 119 |\u001b[39m       day\u001b[33m:\u001b[39m \u001b[32m'Tuesday'\u001b[39m\u001b[33m,\u001b[39m\u001b[0m\n\n      at Object.<anonymous> (backend/tests/integration/campaign_ai_plan_platform_customize.test.ts:116:43)\n","name":"C:\\virality\\backend\\tests\\integration\\campaign_ai_plan_platform_customize.test.ts","startTime":1775303898549,"status":"failed","summary":""},{"assertionResults":[{"ancestorTitles":["Campaign AI Plan Refine Day"],"duration":100,"failureDetails":[{"matcherResult":{"message":"expect(jest.fn()).toHaveBeenCalledWith(...expected)\n\nExpected: {\"campaignId\": \"camp123\", \"dayPlan\": {\"content\": \"Updated post\", \"day\": \"Tuesday\", \"objective\": \"Improve engagement\", \"platforms\": {\"linkedin\": \"Updated post\"}, \"week\": 2}, \"omnivyre_decision\": ObjectContaining {\"recommendation\": \"HOLD\"}, \"raw_plan_text\": \"Refined day output\", \"snapshot_hash\": \"hash123\"}\n\nNumber of calls: 0","pass":false}}],"failureMessages":["Error: expect(jest.fn()).toHaveBeenCalledWith(...expected)\n\nExpected: {\"campaignId\": \"camp123\", \"dayPlan\": {\"content\": \"Updated post\", \"day\": \"Tuesday\", \"objective\": \"Improve engagement\", \"platforms\": {\"linkedin\": \"Updated post\"}, \"week\": 2}, \"omnivyre_decision\": ObjectContaining {\"recommendation\": \"HOLD\"}, \"raw_plan_text\": \"Refined day output\", \"snapshot_hash\": \"hash123\"}\n\nNumber of calls: 0\n    at Object.<anonymous> (C:\\virality\\backend\\tests\\integration\\campaign_ai_plan_refine_day.test.ts:114:49)\n    at processTicksAndRejections (node:internal/process/task_queues:105:5)"],"fullName":"Campaign AI Plan Refine Day persists and returns refined day","invocations":1,"location":null,"numPassingAsserts":0,"retryReasons":[],"status":"failed","title":"persists and returns refined day"}],"endTime":1775303900725,"message":"  ● Campaign AI Plan Refine Day › persists and returns refined day\n\n    expect(jest.fn()).toHaveBeenCalledWith(...expected)\n\n    Expected: {\"campaignId\": \"camp123\", \"dayPlan\": {\"content\": \"Updated post\", \"day\": \"Tuesday\", \"objective\": \"Improve engagement\", \"platforms\": {\"linkedin\": \"Updated post\"}, \"week\": 2}, \"omnivyre_decision\": ObjectContaining {\"recommendation\": \"HOLD\"}, \"raw_plan_text\": \"Refined day output\", \"snapshot_hash\": \"hash123\"}\n\n    Number of calls: 0\n\n    \u001b[0m \u001b[90m 112 |\u001b[39m     \u001b[36mawait\u001b[39m handler(req\u001b[33m,\u001b[39m res)\u001b[33m;\u001b[39m\n     \u001b[90m 113 |\u001b[39m\n    \u001b[31m\u001b[1m>\u001b[22m\u00
[...]
reMessages":[],"fullName":"campaign_exactly_once_execution 3. Repeated retries do not create duplicates","invocations":1,"location":null,"numPassingAsserts":3,"retryReasons":[],"status":"passed","title":"3. Repeated retries do not create duplicates"},{"ancestorTitles":["campaign_exactly_once_execution"],"duration":2,"failureDetails":[],"failureMessages":[],"fullName":"campaign_exactly_once_execution 4. Progression advances only once","invocations":1,"location":null,"numPassingAsserts":4,"retryReasons":[],"status":"passed","title":"4. Progression advances only once"},{"ancestorTitles":["campaign_exactly_once_execution"],"duration":1,"failureDetails":[],"failureMessages":[],"fullName":"campaign_exactly_once_execution edge: resolveOrphanedCheckpoints with no orphaned checkpoints returns empty","invocations":1,"location":null,"numPassingAsserts":2,"retryReasons":[],"status":"passed","title":"edge: resolveOrphanedCheckpoints with no orphaned checkpoints returns empty"},{"ancestorTitles":["campaign_exactly_once_execution"],"duration":1,"failureDetails":[],"failureMessages":[],"fullName":"campaign_exactly_once_execution edge: createCheckpoint for completed day returns null","invocations":1,"location":null,"numPassingAsserts":1,"retryReasons":[],"status":"passed","title":"edge: createCheckpoint for completed day returns null"}],"endTime":1775304026449,"message":"","name":"C:\\virality\\backend\\tests\\unit\\campaignExactlyOnceExecution.test.ts","startTime":1775304026147,"status":"passed","summary":""},{"assertionResults":[{"ancestorTitles":["weeklyPlanEditEngine","move"],"duration":4,"failureDetails":[],"failureMessages":[],"fullName":"weeklyPlanEditEngine move updates scheduled_day and scheduled_time","invocations":1,"location":null,"numPassingAsserts":4,"retryReasons":[],"status":"passed","title":"updates scheduled_day and scheduled_time"},{"ancestorTitles":["weeklyPlanEditEngine","swap"],"duration":2,"failureDetails":[],"failureMessages":[],"fullName":"weeklyPlanEditEngine swap exchanges day and time between two slots","invocations":1,"location":null,"numPassingAsserts":6,"retryReasons":[],"status":"passed","title":"exchanges day and time between two slots"},{"ancestorTitles":["weeklyPlanEditEngine","delay"],"duration":1,"failureDetails":[],"failureMessages":[],"fullName":"weeklyPlanEditEngine delay increments scheduled_day","invocations":1,"location":null,"numPassingAsserts":2,"retryReasons":[],"status":"passed","title":"increments scheduled_day"},{"ancestorTitles":["weeklyPlanEditEngine","delay"],"duration":1,"failureDetails":[],"failureMessages":[],"fullName":"weeklyPlanEditEngine delay clamps day to 7","invocations":1,"location":null,"numPassingAsserts":1,"retryReasons":[],"status":"passed","title":"clamps day to 7"},{"ancestorTitles":["weeklyPlanEditEngine","advance"],"duration":1,"failureDetails":[],"failureMessages":[],"fullName":"weeklyPlanEditEngine advance decrements scheduled_day","invocations":1,"location":null,"numPassingAsserts":2,"retryReasons":[],"status":"passed","title":"decrements scheduled_day"},{"ancestorTitles":["weeklyPlanEditEngine","delete"],"duration":2,"failureDetails":[],"failureMessages":[],"fullName":"weeklyPlanEditEngine delete removes slot and recomputes repurpose","invocations":1,"location":null,"numPassingAsserts":6,"retryReasons":[],"status":"passed","title":"removes slot and recomputes repurpose"},{"ancestorTitles":["weeklyPlanEditEngine","add"],"duration":2,"failureDetails":[],"failureMessages":[],"fullName":"weeklyPlanEditEngine add adds new slot under topic B","invocations":1,"location":null,"numPassingAsserts":5,"retryReasons":[],"status":"passed","title":"adds new slot under topic B"},{"ancestorTitles":["weeklyPlanEditEngine","not found"],"duration":1,"failureDetails":[],"failureMessages":[],"fullName":"weeklyPlanEditEngine not found returns error when content_code not found","invocations":1,"location":null,"numPassingAsserts":2,"retryReasons":[],"status":"passed","title":"returns error when content_code not found"}],"endTime":1775304026769,"message":"","name":"C:\\virality\\backend\\tests\\unit\\weeklyPlanEditEngine.test.ts","startTime":1775304026470,"status":"passed","summary":""},{"assertionResults":[{"ancestorTitles":["weeklyScheduleAllocator","assignWeeklySchedule"],"duration":5,"failureDetails":[],"failureMessages":[],"fullName":"weeklyScheduleAllocator assignWeeklySchedule assigns topic_code, content_code, scheduled_day, scheduled_time to slots","invocations":1,"location":null,"numPassingAsserts":12,"retryReasons":[],"status":"passed","title":"assigns topic_code, content_code, scheduled_day, scheduled_time to slots"},{"ancestorTitles":["weeklyScheduleAllocator","assignWeeklySchedule"],"duration":1,"failureDetails":[],"failureMessages":[],"fullName":"weeklyScheduleAllocator assignWeeklySchedule avoids same topic on same day","invocations":1,"location":null,"numPassingAsserts":1,"retryReasons":[],"status":"passed","title":"avoids same topic on same day"},{"ancestorTitles":["weeklyScheduleAllocator","assignWeeklySchedule"],"duration":2,"failureDetails":[],"failureMessages":[],"fullName":"weeklyScheduleAllocator assignWeeklySchedule applies target_regions from input","invocations":1,"location":null,"numPassingAsserts":1,"retryReasons":[],"status":"passed","title":"applies target_regions from input"},{"ancestorTitles":["weeklyScheduleAllocator","applyScheduleDefaults"],"duration":2,"failureDetails":[],"failureMessages":[],"fullName":"weeklyScheduleAllocator applyScheduleDefaults fills missing fields with defaults","invocations":1,"location":null,"numPassingAsserts":6,"retryReasons":[],"status":"passed","title":"fills missing fields with defaults"},{"ancestorTitles":["weeklyScheduleAllocator","applyScheduleDefaults"],"duration":0,"failureDetails":[],"failureMessages":[],"fullName":"weeklyScheduleAllocator applyScheduleDefaults uses day_index as scheduled_day fallback","invocations":1,"location":null,"numPassingAsserts":1,"retryReasons":[],"status":"passed","title":"uses day_index as scheduled_day fallback"}],"endTime":1775304027074,"message":"","name":"C:\\virality\\backend\\tests\\unit\\weeklyScheduleAllocator.test.ts","startTime":1775304026780,"status":"passed","summary":""},{"assertionResults":[{"ancestorTitles":["signalSchedulingInfluence (Phase 7)","analyzeSignalInfluence"],"duration":2,"failureDetails":[],"failureMessages":[],"fullName":"signalSchedulingInfluence (Phase 7) analyzeSignalInfluence returns empty array when no signals","invocations":1,"location":null,"numPassingAsserts":1,"retryReasons":[],"status":"passed","title":"returns empty array when no signals"},{"ancestorTitles":["signalSchedulingInfluence (Phase 7)","analyzeSignalInfluence"],"duration":2,"failureDetails":[],"failureMessages":[],"fullName":"signalSchedulingInfluence (Phase 7) analyzeSignalInfluence filters signals by score >= 0.6 and limits to 5","invocations":1,"location":null,"numPassingAsserts":4,"retryReasons":[],"status":"passed","title":"filters signals by score >= 0.6 and limits to 5"},{"ancestorTitles":["signalSchedulingInfluence (Phase 7)","analyzeSignalInfluence"],"duration":2,"failureDetails":[],"failureMessages":[],"fullName":"signalSchedulingInfluence (Phase 7) analyzeSignalInfluence applies RULE 1 (industry_trend) message format","invocations":1,"location":null,"numPassingAsserts":2,"retryReasons":[],"status":"passed","title":"applies RULE 1 (industry_trend) message format"},{"ancestorTitles":["signalSchedulingInfluence (Phase 7)","analyzeSignalInfluence"],"duration":1,"failureDetails":[],"failureMessages":[],"fullName":"signalSchedulingInfluence (Phase 7) analyzeSignalInfluence applies RULE 2 (seasonal_event) message format","invocations":1,"location":null,"numPassingAsserts":1,"retryReasons":[],"status":"passed","title":"applies RULE 2 (seasonal_event) message format"},{"ancestorTitles":["signalSchedulingInfluence (Phase 7)","analyzeSignalInfluence"],"duration":0,"failureDetails":[],"failureMessages":[],"fullName":"signalSchedulingInfluence (Phase 7) analyzeSignalInfluence applies RULE 3 (competitor_activity) message format","invocations":1,"location":null,"numPassingAsserts":1,"retryReasons":[],"status":"passed","title":"applies RULE 3 (competitor_activity) message format"}],"endTime":1775304027388,"message":"","name":"C:\\virality\\backend\\tests\\unit\\signalSchedulingInfluence.test.ts","startTime":1775304027085,"status":"passed","summary":""},{"assertionResults":[{"ancestorTitles":["weeklySlotNormalization","allocatePostingDays"],"duration":1,"failureDetails":[],"failureMessages":[],"fullName":"weeklySlotNormalization allocatePostingDays 2 posts → Tue, Thu","invocations":1,"location":null,"numPassingAsserts":1,"retryReasons":[],"status":"passed","title":"2 posts → Tue, Thu"},{"ancestorTitles":["weeklySlotNormalization","allocatePostingDays"],"duration":0,"failureDetails":[],"failureMessages":[],"fullName":"weeklySlotNormalization allocatePostingDays 3 posts → Mon, Wed, Fri","invocations":1,"location":null,"numPassingAsserts":1,"retryReasons":[],"status":"passed","title":"3 posts → Mon, Wed, Fri"},{"ancestorTitles":["weeklySlotNormalization","allocatePostingDays"],"duration":1,"failureDetails":[],"failureMessages":[],"fullName":"weeklySlotNormalization allocatePostingDays 4 posts → Mon, Tue, Thu, Fri","invocations":1,"location":null,"numPassingAsserts":1,"retryReasons":[],"status":"passed","title":"4 posts → Mon, Tue, Thu, Fri"},{"ancestorTitles":["weeklySlotNormalization","allocatePostingDays"],"duration":0,"failureDetails":[],"failureMessages":[],"fullName":"weeklySlotNormalization allocatePostingDays 5 posts → Mon–Fri","invocations":1,"location":null,"numPassingAsserts":1,"retryReasons":[],"status":"passed","title":"5 posts → Mon–Fri"},{"ancestorTitles":["weeklySlotNormalization","allocatePostingDays"],"duration":1,"failureDetails":[],"failureMessages":[],"fullName":"weeklySlotNormalization allocatePostingDays 6 posts → Mon–Fri + Sat","invocations":1,"location":null,"numPassingAsserts":1,"retryReasons":[],"status":"passed","title":"6 posts → Mon–Fri + Sat"},{"ancestorTitles":["weeklySlotNormalization","allocatePostingDays"],"duration":1,"failureDetails":[],"failureMessages":[],"fullName":"weeklySlotNormalization allocatePostingDays 7 posts → Mon–Sun","invocations":1,"location":null,"numPassingAsserts":1,"retryReasons":[],"status":"passed","title":"7 posts → Mon–Sun"},{"ancestorTitles":["weeklySlotNormalization","allocatePostingDays"],"duration":1,"failureDetails":[],"failureMessages":[],"fullName":"weeklySlotNormalization allocatePostingDays clamps invalid values to valid range","invocations":1,"location":null,"numPassingAsserts":3,"retryReasons":[],"status":"passed","title":"clamps invalid values to valid range"},{"ancestorTitles":["weeklySlotNormalization","normalizeSlotsToCount"],"duration":2,"failureDetails":[],"failureMessages":[],"fullName":"weeklySlotNormalization normalizeSlotsToCount ensures exact slot count when already correct","invocations":1,"location":null,"numPassingAsserts":4,"retryReasons":[],"status":"passed","title":"ensures exact slot count when already correct"},{"ancestorTitles":["weeklySlotNormalization","normalizeSlotsToCount"],"duration":2,"failureDetails":[],"failureMessages":[],"fullName":"weeklySlotNormalization normalizeSlotsToCount assigns correct posting days to slots","invocations":1,"location":null,"numPassingAsserts":7,"retryReasons":[],"status":"passed","title":"assigns correct posting days to slots"},{"ancestorTitles":["weeklySlotNormalization","normalizeSlotsToCount"],"duration":1,"failureDetails":[],"failureMessages":[],"fullName":"weeklySlotNormalization normalizeSlotsToCount trims excess slots","invocations":1,"location":null,"numPassingAsserts":4,"retryReasons":[],"status":"passed","title":"trims excess slots"},{"ancestorTitles":["weeklySlotNormalization","normalizeSlotsToCount"],"duration":1,"failureDetails":[],"failureMessages":[],"fullName":"weeklySlotNormalization normalizeSlotsToCount fills missing slots with placeholders","invocations":1,"location":null,"numPassingAsserts":4,"retryReasons":[],"status":"passed","title":"fills missing slots with placeholders"},{"ancestorTitles":["weeklySlotNormalization","normalizeSlotsToCount"],"duration":2,"failureDetails":[],"failureMessages":[],"fullName":"weeklySlotNormalization normalizeSlotsToCount placeholders have correct day assignments","invocations":1,"location":null,"numPassingAsserts":6,"retryReasons":[],"status":"passed","title":"placeholders have correct day assignments"},{"ancestorTitles":["weeklySlotNormalization","normalizeSlotsToCount"],"duration":3,"failureDetails":[],"failureMessages":[],"fullName":"weeklySlotNormalization normalizeSlotsToCount fills entirely empty slots to target count","invocations":1,"location":null,"numPassingAsserts":12,"retryReasons":[],"status":"passed","title":"fills entirely empty slots to target count"},{"ancestorTitles":["weeklySlotNormalization","normalizeSlotsToCount"],"duration":1,"failureDetails":[],"failureMessages":[],"fullName":"weeklySlotNormalization normalizeSlotsToCount clamps target count to 2–7","invocations":1,"location":null,"numPassingAsserts":2,"retryReasons":[],"status":"passed","title":"clamps target count to 2–7"},{"ancestorTitles":["weeklySlotNormalization","normalizeSlotsToCount"],"duration":2,"failureDetails":[],"failureMessages":[],"fullName":"weeklySlotNormalization normalizeSlotsToCount placeholders include campaign theme when provided","invocations":1,"location":null,"numPassingAsserts":6,"retryReasons":[],"status":"passed","title":"placeholders include campaign theme when provided"},{"ancestorTitles":["weeklySlotNormalization","normalizeSlotsToCount"],"duration":1,"failureDetails":[],"failureMessages":[],"fullName":"weeklySlotNormalization normalizeSlotsToCount fallback works when theme missing","invocations":1,"location":null,"numPassingAsserts":5,"retryReasons":[],"status":"passed","title":"fallback works when theme missing"},{"ancestorTitles":["weeklySlotNormalization","buildPlaceholderTopicTexts"],"duration":0,"failureDetails":[],"failureMessages":[],"fullName":"weeklySlotNormalization buildPlaceholderTopicTexts returns theme-aligned texts when theme provided","invocations":1,"location":null,"numPassingAsserts":2,"retryReasons":[],"status":"passed","title":"returns theme-aligned texts when theme provided"},{"ancestorTitles":["weeklySlotNormalization","buildPlaceholderTopicTexts"],"duration":2,"failureDetails":[],"failureMessages":[],"fullName":"weeklySlotNormalization buildPlaceholderTopicTexts returns fallback when theme is undefined","invocations":1,"location":null,"numPassingAsserts":2,"retryReasons":[],"status":"passed","title":"returns fallback when theme is undefined"},{"ancestorTitles":["weeklySlotNormalization","buildPlaceholderTopicTexts"],"duration":1,"failureDetails":[],"failureMessages":[],"fullName":"weeklySlotNormalization buildPlaceholderTopicTexts returns fallback when theme is empty string","invocations":1,"location":null,"numPassingAsserts":2,"retryReasons":[],"status":"passed","title":"returns fallback when theme is empty string"}],"endTime":1775304027707,"message":"","name":"C:\\virality\\backend\\tests\\unit\\weeklySlotNormalization.test.ts","startTime":1775304027404,"status":"passed","summary":""},{"assertionResults":[{"ancestorTitles":["promptContextCache","getCachedPrompt / storePrompt"],"duration":2,"failureDetails":[],"failureMessages":[],"fullName":"promptContextCache getCachedPrompt / storePrompt returns undefined when not cached","invocations":1,"location":null,"numPassingAsserts":1,"retryReasons":[],"status":"passed","title":"returns undefined when not cached"},{"ancestorTitles":["promptContextCache","getCachedPrompt / storePrompt"],"duration":1,"failureDetails":[],"failureMessages":[],"fullName":"promptContextCache getCachedPrompt / storePrompt returns cached content after store","invocations":1,"location":null,"numPassingAsserts":1,"retryReasons":[],"status":"passed","title":"returns cached content after store"},{"ancestorTitles":["promptContextCache","getOrBuildPromptBlock"],"duration":1,"failureDetails":[],"failureMessages":[],"fullName":"promptContextCache getOrBuildPromptBlock stores and returns on first call (cache miss)","invocations":1,"location":null,"numPassingAsserts":4,"retryReasons":[],"status":"passed","title":"stores and returns on first call (cache miss)"},{"ancestorTitles":["promptContextCache","getOrBuildPromptBlock"],"duration":1,"failureDetails":[],"failureMessages":[],"fullName":"promptContextCache getOrBuildPromptBlock returns cached content on second call (cache hit)","invocations":1,"location":null,"numPassingAsserts":4,"retryReasons":[],"status":"passed","title":"returns cached content on second call (cache hit)"},{"ancestorTitles":["promptContextCache","getOrBuildPromptBlock"],"duration":0,"failureDetails":[],"failureMessages":[],"fullName":"promptContextCache getOrBuildPromptBlock different content produces different fingerprints and no hit","invocations":1,"location":null,"numPassingAsserts":3,"retryReasons":[],"status":"passed","title":"different content produces different fingerprints and no hit"},{"ancestorTitles":["promptContextCache","clearPromptCache"],"duration":0,"failureDetails":[],"failureMessages":[],"fullName":"promptContextCache clearPromptCache clears all cached entries","invocations":1,"location":null,"numPassingAsserts":2,"retryReasons":[],"status":"passed","title":"clears all cached entries"}],"endTime":1775304027984,"message":"","name":"C:\\virality\\backend\\tests\\unit\\promptContextCache.test.ts","startTime":1775304027716,"status":"passed","summary":""},{"assertionResults":[{"ancestorTitles":["platformIntelligenceService (DB-driven with fallback)"],"duration":3,"failureDetails":[],"failureMessages":[],"fullName":"platformIntelligenceService (DB-driven with fallback) falls back when platform_master table is missing","invocations":1,"location":null,"numPassingAsserts":3,"retryReasons":[],"status":"passed","title":"falls back when platform_master table is missing"},{"ancestorTitles":["platformIntelligenceService (DB-driven with fallback)"],"duration":1,"failureDetails":[],"failureMessages":[],"fullName":"platformIntelligenceService (DB-driven with fallback) aliases twitter -> x for posting requirements","invocations":1,"location":null,"numPassingAsserts":3,"retryReasons":[],"status":"passed","title":"aliases twitter -> x for posting requirements"},{"ancestorTitles":["platformIntelligenceService (DB-driven with fallback)"],"duration":5,"failureDetails":[],"failureMessages":[],"fullName":"platformIntelligenceService (DB-driven with fallback) returns fallback catalog when DB tables are missing","invocations":1,"location":null,"numPassingAsserts":1,"retryReasons":[],"status":"passed","title":"returns fallback catalog when DB tables are missing"}],"endTime":1775304028333,"message":"","name":"C:\\virality\\backend\\tests\\unit\\platform_intelligence_db_driven.test.ts","startTime":1775304028016,"status":"passed","summary":""},{"assertionResults":[{"ancestorTitles":["Recommendation scheduler"],"duration":9,"failureDetails":[],"failureMessages":[],"fullName":"Recommendation scheduler runs weekly refresh and persists with auto_weekly source","invocations":1,"location":null,"numPassingAsserts":1,"retryReasons":[],"status":"passed","title":"runs weekly refresh and persists with auto_weekly source"},{"ancestorTitles":["Recommendation scheduler"],"duration":2,"failureDetails":[],"failureMessages":[],"fullName":"Recommendation scheduler runs profile refresh and persists with profile_update source","invocations":1,"location":null,"numPassingAsserts":1,"retryReasons":[],"status":"passed","title":"runs profile refresh and persists with profile_update source"}],"endTime":1775304028672,"message":"","name":"C:\\virality\\backend\\tests\\integration\\recommendation_scheduler.test.ts","startTime":1775304028370,"status":"passed","summary":""}],"wasInterrupted":false}
